<html xmlns:math="http://exslt.org/math" xmlns:testng="http://testng.org">
   <head>
      <title>TestNG Results</title>
      <meta http-equiv="content-type" content="text/html; charset=utf-8"></meta>
      <meta http-equiv="pragma" content="no-cache"></meta>
      <meta http-equiv="cache-control" content="max-age=0"></meta>
      <meta http-equiv="cache-control" content="no-cache"></meta>
      <meta http-equiv="cache-control" content="no-store"></meta>
      <LINK rel="stylesheet" href="style.css"></LINK>
      <script type="text/javascript" src="main.js"></script>
   </head>
   <body>
      <table width="100%" style="font-size: 16px; margin-bottom: 10px;" cellspacing="1">
         <tr>
            <td width="100%">
               Test case
               
               <b>VideoStreaming</b>
            </td>
            <td style="background-color: #FFBBBB; padding: 3px 3px 3px 0;" align="center">
               <div style="width: 50px;">1</div>
            </td>
            <td style="background-color: lightgreen; padding: 3px 3px 3px 0;" align="center">
               <div style="width: 50px;">0</div>
            </td>
            <td style="background-color: #FFFFBB; padding: 3px 3px 3px 0;" align="center">
               <div style="width: 50px;">0</div>
            </td>
            <td align="center" style="background-color: #eaf0f7; padding: 3px 3px 3px 0;">
               <div style="width: 50px;">1</div>
            </td>
            <td align="center"
                style="font-weight: bold; background-color: #eaf0f7; padding: 3px 3px 3px 0;">
               <div style="width: 50px;">0%</div>
            </td>
            <td style="background-color: #eaf0f7; padding: 3px 3px 3px 0;" align="center"
                nowrap="true">31s
               
            </td>
         </tr>
      </table>
      <div style="width: 200px;">
         <label for="groupMethodsCheckBox" style="font-weight: bold; margin: 0;">
            <input id="groupMethodsCheckBox" type="checkbox" onclick="switchTestMethodsView(this)"
                   checked=""></input>
            Group by class
            
         </label>
         <br></br>
         <label for="methodsFilter_ALL" style="font-weight: bold; margin: 0;">
            <input id="methodsFilter_ALL" type="checkbox"
                   onclick="testMethodsFilterChanged(this, 'ALL')"
                   checked=""></input>
            All
            
         </label>
      </div>
      <label for="methodsFilter_FAIL" style="margin-left: 20px;">
         <input id="methodsFilter_FAIL" type="checkbox"
                onclick="testMethodsFilterChanged(this, 'FAIL')"
                checked=""></input>
         Failed
         
      </label>
      <label for="methodsFilter_PASS">
         <input id="methodsFilter_PASS" type="checkbox"
                onclick="testMethodsFilterChanged(this, 'PASS')"
                checked=""></input>
         Passed
         
      </label>
      <label for="methodsFilter_SKIP">
         <input id="methodsFilter_SKIP" type="checkbox"
                onclick="testMethodsFilterChanged(this, 'SKIP')"
                checked=""></input>
         Skipped
         
      </label>
      <label for="methodsFilter_CONF">
         <input id="methodsFilter_CONF" type="checkbox"
                onclick="testMethodsFilterChanged(this, 'CONF')"
                checked=""></input>
         Config
         
      </label>
      <br></br>
      <div id="testMethodsByStatus" style="display: none;">
         <table class="testMethodsTable" cellpadding="0" cellspacing="0">
            <tr class="methodsTableHeader">
               <td width="100%">Name</td>
               <td nowrap="true">Started</td>
               <td nowrap="true">Duration</td>
               <td>Exception</td>
            </tr>
            <tr id="shopizer.PageSteps.VideoPageTest_TC_001_verify_video_streaming_byStatus_failed_FAIL1_row"
                class="testMethodStatusFAIL">
               <td width="100%" class="firstMethodCell">
                  <a onclick="toggleDetailsVisibility('shopizer.PageSteps.VideoPageTest_TC_001_verify_video_streaming_byStatus_failed_FAIL1_details')">TC_001_verify_video_streaming()</a>
               </td>
               <td nowrap="true">20:43:11</td>
               <td nowrap="true" align="right">20s
                  
               </td>
               <td nowrap="true">
                  <a onclick="toggleDetailsVisibility('shopizer.PageSteps.VideoPageTest_TC_001_verify_video_streaming_byStatus_failed_FAIL1_exception')">java.lang.Throwable: 
                     Multiple failures (4):nnFailure 1 of 4:norg.openqa.selenium.TimeoutException: Expected condition failed: waiting for presence
                     of element located by: By.id: VideosLink6 (tried for 10 second(s) with 500 MILLISECONDS interval)
                     Build info: version: '3.0.1', revision: '1969d75', time: '2016-10-18 09:49:13 -0700'
                     System info: host: 'amir-HP-Pavilion-15-Notebook-PC', ip: '127.0.1.1', os.name: 'Linux', os.arch: 'amd64', os.version: '4.4.0-21-generic',
                     java.version: '1.8.0_121'
                     Driver info: org.openqa.selenium.chrome.ChromeDriver
                     Capabilities [{applicationCacheEnabled=false, rotatable=false, mobileEmulationEnabled=false, networkConnectionEnabled=false,
                     chrome={chromedriverVersion=2.27.440175 (9bc1d90b8bfa4dd181fbbf769a5eb5e575574320), userDataDir=/tmp/.org.chromium.Chromium.zfpH5Y},
                     takesHeapSnapshot=true, pageLoadStrategy=normal, databaseEnabled=false, handlesAlerts=true, hasTouchScreen=false, version=57.0.2987.110,
                     platform=LINUX, browserConnectionEnabled=false, nativeEvents=true, acceptSslCerts=true, locationContextEnabled=true, webStorageEnabled=true,
                     browserName=chrome, takesScreenshot=true, javascriptEnabled=true, cssSelectorsEnabled=true, unexpectedAlertBehaviour=}]
                     Session ID: 5c55d5c24740a7b5a2f8d790d2384bc0
                     	at org.openqa.selenium.support.ui.WebDriverWait.timeoutException(WebDriverWait.java:80)
                     	at org.openqa.selenium.support.ui.FluentWait.until(FluentWait.java:265)
                     	at shopizer.seleniumCommonFunctions.SeleniumCommon.getPresentElement(SeleniumCommon.java:621)
                     	at shopizer.seleniumCommonFunctions.SeleniumCommon.clickOnElement(SeleniumCommon.java:430)
                     	at shopizer.businessFunctions.AppFunctions.selectMenu(AppFunctions.java:98)
                     	at shopizer.PageObjects.VideoPage.selectMenu(VideoPage.java:38)
                     	at shopizer.PageSteps.VideoPageTest.TC_001_verify_video_streaming(VideoPageTest.java:36)
                     	at sun.reflect.NativeMethodAccessorImpl.invoke0(Native Method)
                     	at sun.reflect.NativeMethodAccessorImpl.invoke(NativeMethodAccessorImpl.java:62)
                     	at sun.reflect.DelegatingMethodAccessorImpl.invoke(DelegatingMethodAccessorImpl.java:43)
                     	at java.lang.reflect.Method.invoke(Method.java:498)
                     	at org.testng.internal.MethodInvocationHelper.invokeMethod(MethodInvocationHelper.java:85)
                     	at org.testng.internal.Invoker.invokeMethod(Invoker.java:696)
                     	at org.testng.internal.Invoker.invokeTestMethod(Invoker.java:882)
                     	at org.testng.internal.Invoker.invokeTestMethods(Invoker.java:1189)
                     	at org.testng.internal.TestMethodWorker.invokeTestMethods(TestMethodWorker.java:124)
                     	at org.testng.internal.TestMethodWorker.run(TestMethodWorker.java:108)
                     	at org.testng.TestRunner.privateRun(TestRunner.java:767)
                     	at org.testng.TestRunner.run(TestRunner.java:617)
                     	at org.testng.SuiteRunner.runTest(SuiteRunner.java:348)
                     	at org.testng.SuiteRunner.runSequentially(SuiteRunner.java:343)
                     	at org.testng.SuiteRunner.privateRun(SuiteRunner.java:305)
                     	at org.testng.SuiteRunner.run(SuiteRunner.java:254)
                     	at org.testng.SuiteRunnerWorker.runSuite(SuiteRunnerWorker.java:52)
                     	at org.testng.SuiteRunnerWorker.run(SuiteRunnerWorker.java:86)
                     	at org.testng.TestNG.runSuitesSequentially(TestNG.java:1224)
                     	at org.testng.TestNG.runSuitesLocally(TestNG.java:1149)
                     	at org.testng.TestNG.run(TestNG.java:1057)
                     	at org.apache.maven.surefire.testng.TestNGExecutor.run(TestNGExecutor.java:281)
                     	at org.apache.maven.surefire.testng.TestNGXmlTestSuite.execute(TestNGXmlTestSuite.java:75)
                     	at org.apache.maven.surefire.testng.TestNGProvider.invoke(TestNGProvider.java:121)
                     	at org.apache.maven.surefire.booter.ForkedBooter.invokeProviderInSameClassLoader(ForkedBooter.java:290)
                     	at org.apache.maven.surefire.booter.ForkedBooter.runSuitesInProcess(ForkedBooter.java:242)
                     	at org.apache.maven.surefire.booter.ForkedBooter.main(ForkedBooter.java:121)
                     Caused by: org.openqa.selenium.NoSuchElementException: no such element: Unable to locate element: {"method":"id","selector":"VideosLink6"}
                     (Session info: chrome=57.0.2987.110)
                     (Driver info: chromedriver=2.27.440175 (9bc1d90b8bfa4dd181fbbf769a5eb5e575574320),platform=Linux 4.4.0-21-generic x86_64)
                     (WARNING: The server did not provide any stacktrace information)
                     Command duration or timeout: 10.11 seconds
                     For documentation on this error, please visit: http://seleniumhq.org/exceptions/no_such_element.html
                     Build info: version: '3.0.1', revision: '1969d75', time: '2016-10-18 09:49:13 -0700'
                     System info: host: 'amir-HP-Pavilion-15-Notebook-PC', ip: '127.0.1.1', os.name: 'Linux', os.arch: 'amd64', os.version: '4.4.0-21-generic',
                     java.version: '1.8.0_121'
                     Driver info: org.openqa.selenium.chrome.ChromeDriver
                     Capabilities [{applicationCacheEnabled=false, rotatable=false, mobileEmulationEnabled=false, networkConnectionEnabled=false,
                     chrome={chromedriverVersion=2.27.440175 (9bc1d90b8bfa4dd181fbbf769a5eb5e575574320), userDataDir=/tmp/.org.chromium.Chromium.zfpH5Y},
                     takesHeapSnapshot=true, pageLoadStrategy=normal, databaseEnabled=false, handlesAlerts=true, hasTouchScreen=false, version=57.0.2987.110,
                     platform=LINUX, browserConnectionEnabled=false, nativeEvents=true, acceptSslCerts=true, locationContextEnabled=true, webStorageEnabled=true,
                     browserName=chrome, takesScreenshot=true, javascriptEnabled=true, cssSelectorsEnabled=true, unexpectedAlertBehaviour=}]
                     Session ID: 5c55d5c24740a7b5a2f8d790d2384bc0
                     *** Element info: {Using=id, value=VideosLink6}
                     	at sun.reflect.NativeConstructorAccessorImpl.newInstance0(Native Method)
                     	at sun.reflect.NativeConstructorAccessorImpl.newInstance(NativeConstructorAccessorImpl.java:62)
                     	at sun.reflect.DelegatingConstructorAccessorImpl.newInstance(DelegatingConstructorAccessorImpl.java:45)
                     	at java.lang.reflect.Constructor.newInstance(Constructor.java:423)
                     	at org.openqa.selenium.remote.ErrorHandler.createThrowable(ErrorHandler.java:216)
                     	at org.openqa.selenium.remote.ErrorHandler.throwIfResponseFailed(ErrorHandler.java:168)
                     	at org.openqa.selenium.remote.RemoteWebDriver.execute(RemoteWebDriver.java:635)
                     	at org.openqa.selenium.remote.RemoteWebDriver.findElement(RemoteWebDriver.java:368)
                     	at org.openqa.selenium.remote.RemoteWebDriver.findElementById(RemoteWebDriver.java:417)
                     	at org.openqa.selenium.By$ById.findElement(By.java:218)
                     	at org.openqa.selenium.remote.RemoteWebDriver.findElement(RemoteWebDriver.java:360)
                     	at org.openqa.selenium.support.ui.ExpectedConditions.findElement(ExpectedConditions.java:895)
                     	at org.openqa.selenium.support.ui.ExpectedConditions.access$000(ExpectedConditions.java:41)
                     	at org.openqa.selenium.support.ui.ExpectedConditions$6.apply(ExpectedConditions.java:181)
                     	at org.openqa.selenium.support.ui.ExpectedConditions$6.apply(ExpectedConditions.java:178)
                     	at org.openqa.selenium.support.ui.FluentWait.until(FluentWait.java:238)
                     	... 32 more
                     nnFailure 2 of 4:njava.lang.NullPointerException
                     	at shopizer.seleniumCommonFunctions.SeleniumCommon.clickOnElement(SeleniumCommon.java:431)
                     	at shopizer.businessFunctions.AppFunctions.selectMenu(AppFunctions.java:98)
                     	at shopizer.PageObjects.VideoPage.selectMenu(VideoPage.java:38)
                     	at shopizer.PageSteps.VideoPageTest.TC_001_verify_video_streaming(VideoPageTest.java:36)
                     	at sun.reflect.NativeMethodAccessorImpl.invoke0(Native Method)
                     	at sun.reflect.NativeMethodAccessorImpl.invoke(NativeMethodAccessorImpl.java:62)
                     	at sun.reflect.DelegatingMethodAccessorImpl.invoke(DelegatingMethodAccessorImpl.java:43)
                     	at java.lang.reflect.Method.invoke(Method.java:498)
                     	at org.testng.internal.MethodInvocationHelper.invokeMethod(MethodInvocationHelper.java:85)
                     	at org.testng.internal.Invoker.invokeMethod(Invoker.java:696)
                     	at org.testng.internal.Invoker.invokeTestMethod(Invoker.java:882)
                     	at org.testng.internal.Invoker.invokeTestMethods(Invoker.java:1189)
                     	at org.testng.internal.TestMethodWorker.invokeTestMethods(TestMethodWorker.java:124)
                     	at org.testng.internal.TestMethodWorker.run(TestMethodWorker.java:108)
                     	at org.testng.TestRunner.privateRun(TestRunner.java:767)
                     	at org.testng.TestRunner.run(TestRunner.java:617)
                     	at org.testng.SuiteRunner.runTest(SuiteRunner.java:348)
                     	at org.testng.SuiteRunner.runSequentially(SuiteRunner.java:343)
                     	at org.testng.SuiteRunner.privateRun(SuiteRunner.java:305)
                     	at org.testng.SuiteRunner.run(SuiteRunner.java:254)
                     	at org.testng.SuiteRunnerWorker.runSuite(SuiteRunnerWorker.java:52)
                     	at org.testng.SuiteRunnerWorker.run(SuiteRunnerWorker.java:86)
                     	at org.testng.TestNG.runSuitesSequentially(TestNG.java:1224)
                     	at org.testng.TestNG.runSuitesLocally(TestNG.java:1149)
                     	at org.testng.TestNG.run(TestNG.java:1057)
                     	at org.apache.maven.surefire.testng.TestNGExecutor.run(TestNGExecutor.java:281)
                     	at org.apache.maven.surefire.testng.TestNGXmlTestSuite.execute(TestNGXmlTestSuite.java:75)
                     	at org.apache.maven.surefire.testng.TestNGProvider.invoke(TestNGProvider.java:121)
                     	at org.apache.maven.surefire.booter.ForkedBooter.invokeProviderInSameClassLoader(ForkedBooter.java:290)
                     	at org.apache.maven.surefire.booter.ForkedBooter.runSuitesInProcess(ForkedBooter.java:242)
                     	at org.apache.maven.surefire.booter.ForkedBooter.main(ForkedBooter.java:121)
                     nnFailure 3 of 4:norg.openqa.selenium.TimeoutException: Expected condition failed: waiting for presence of element located
                     by: By.xpath: .//*[@id='Pavarotti'] (tried for 10 second(s) with 500 MILLISECONDS interval)
                     Build info: version: '3.0.1', revision: '1969d75', time: '2016-10-18 09:49:13 -0700'
                     System info: host: 'amir-HP-Pavilion-15-Notebook-PC', ip: '127.0.1.1', os.name: 'Linux', os.arch: 'amd64', os.version: '4.4.0-21-generic',
                     java.version: '1.8.0_121'
                     Driver info: org.openqa.selenium.chrome.ChromeDriver
                     Capabilities [{applicationCacheEnabled=false, rotatable=false, mobileEmulationEnabled=false, networkConnectionEnabled=false,
                     chrome={chromedriverVersion=2.27.440175 (9bc1d90b8bfa4dd181fbbf769a5eb5e575574320), userDataDir=/tmp/.org.chromium.Chromium.zfpH5Y},
                     takesHeapSnapshot=true, pageLoadStrategy=normal, databaseEnabled=false, handlesAlerts=true, hasTouchScreen=false, version=57.0.2987.110,
                     platform=LINUX, browserConnectionEnabled=false, nativeEvents=true, acceptSslCerts=true, locationContextEnabled=true, webStorageEnabled=true,
                     browserName=chrome, takesScreenshot=true, javascriptEnabled=true, cssSelectorsEnabled=true, unexpectedAlertBehaviour=}]
                     Session ID: 5c55d5c24740a7b5a2f8d790d2384bc0
                     	at org.openqa.selenium.support.ui.WebDriverWait.timeoutException(WebDriverWait.java:80)
                     	at org.openqa.selenium.support.ui.FluentWait.until(FluentWait.java:265)
                     	at shopizer.seleniumCommonFunctions.SeleniumCommon.getPresentElement(SeleniumCommon.java:617)
                     	at shopizer.businessFunctions.AppFunctions.playMovie(AppFunctions.java:221)
                     	at shopizer.PageSteps.VideoPageTest.TC_001_verify_video_streaming(VideoPageTest.java:38)
                     	at sun.reflect.NativeMethodAccessorImpl.invoke0(Native Method)
                     	at sun.reflect.NativeMethodAccessorImpl.invoke(NativeMethodAccessorImpl.java:62)
                     	at sun.reflect.DelegatingMethodAccessorImpl.invoke(DelegatingMethodAccessorImpl.java:43)
                     	at java.lang.reflect.Method.invoke(Method.java:498)
                     	at org.testng.internal.MethodInvocationHelper.invokeMethod(MethodInvocationHelper.java:85)
                     	at org.testng.internal.Invoker.invokeMethod(Invoker.java:696)
                     	at org.testng.internal.Invoker.invokeTestMethod(Invoker.java:882)
                     	at org.testng.internal.Invoker.invokeTestMethods(Invoker.java:1189)
                     	at org.testng.internal.TestMethodWorker.invokeTestMethods(TestMethodWorker.java:124)
                     	at org.testng.internal.TestMethodWorker.run(TestMethodWorker.java:108)
                     	at org.testng.TestRunner.privateRun(TestRunner.java:767)
                     	at org.testng.TestRunner.run(TestRunner.java:617)
                     	at org.testng.SuiteRunner.runTest(SuiteRunner.java:348)
                     	at org.testng.SuiteRunner.runSequentially(SuiteRunner.java:343)
                     	at org.testng.SuiteRunner.privateRun(SuiteRunner.java:305)
                     	at org.testng.SuiteRunner.run(SuiteRunner.java:254)
                     	at org.testng.SuiteRunnerWorker.runSuite(SuiteRunnerWorker.java:52)
                     	at org.testng.SuiteRunnerWorker.run(SuiteRunnerWorker.java:86)
                     	at org.testng.TestNG.runSuitesSequentially(TestNG.java:1224)
                     	at org.testng.TestNG.runSuitesLocally(TestNG.java:1149)
                     	at org.testng.TestNG.run(TestNG.java:1057)
                     	at org.apache.maven.surefire.testng.TestNGExecutor.run(TestNGExecutor.java:281)
                     	at org.apache.maven.surefire.testng.TestNGXmlTestSuite.execute(TestNGXmlTestSuite.java:75)
                     	at org.apache.maven.surefire.testng.TestNGProvider.invoke(TestNGProvider.java:121)
                     	at org.apache.maven.surefire.booter.ForkedBooter.invokeProviderInSameClassLoader(ForkedBooter.java:290)
                     	at org.apache.maven.surefire.booter.ForkedBooter.runSuitesInProcess(ForkedBooter.java:242)
                     	at org.apache.maven.surefire.booter.ForkedBooter.main(ForkedBooter.java:121)
                     Caused by: org.openqa.selenium.NoSuchElementException: no such element: Unable to locate element: {"method":"xpath","selector":".//*[@id='Pavarotti']"}
                     (Session info: chrome=57.0.2987.110)
                     (Driver info: chromedriver=2.27.440175 (9bc1d90b8bfa4dd181fbbf769a5eb5e575574320),platform=Linux 4.4.0-21-generic x86_64)
                     (WARNING: The server did not provide any stacktrace information)
                     Command duration or timeout: 10.07 seconds
                     For documentation on this error, please visit: http://seleniumhq.org/exceptions/no_such_element.html
                     Build info: version: '3.0.1', revision: '1969d75', time: '2016-10-18 09:49:13 -0700'
                     System info: host: 'amir-HP-Pavilion-15-Notebook-PC', ip: '127.0.1.1', os.name: 'Linux', os.arch: 'amd64', os.version: '4.4.0-21-generic',
                     java.version: '1.8.0_121'
                     Driver info: org.openqa.selenium.chrome.ChromeDriver
                     Capabilities [{applicationCacheEnabled=false, rotatable=false, mobileEmulationEnabled=false, networkConnectionEnabled=false,
                     chrome={chromedriverVersion=2.27.440175 (9bc1d90b8bfa4dd181fbbf769a5eb5e575574320), userDataDir=/tmp/.org.chromium.Chromium.zfpH5Y},
                     takesHeapSnapshot=true, pageLoadStrategy=normal, databaseEnabled=false, handlesAlerts=true, hasTouchScreen=false, version=57.0.2987.110,
                     platform=LINUX, browserConnectionEnabled=false, nativeEvents=true, acceptSslCerts=true, locationContextEnabled=true, webStorageEnabled=true,
                     browserName=chrome, takesScreenshot=true, javascriptEnabled=true, cssSelectorsEnabled=true, unexpectedAlertBehaviour=}]
                     Session ID: 5c55d5c24740a7b5a2f8d790d2384bc0
                     *** Element info: {Using=xpath, value=.//*[@id='Pavarotti']}
                     	at sun.reflect.NativeConstructorAccessorImpl.newInstance0(Native Method)
                     	at sun.reflect.NativeConstructorAccessorImpl.newInstance(NativeConstructorAccessorImpl.java:62)
                     	at sun.reflect.DelegatingConstructorAccessorImpl.newInstance(DelegatingConstructorAccessorImpl.java:45)
                     	at java.lang.reflect.Constructor.newInstance(Constructor.java:423)
                     	at org.openqa.selenium.remote.ErrorHandler.createThrowable(ErrorHandler.java:216)
                     	at org.openqa.selenium.remote.ErrorHandler.throwIfResponseFailed(ErrorHandler.java:168)
                     	at org.openqa.selenium.remote.RemoteWebDriver.execute(RemoteWebDriver.java:635)
                     	at org.openqa.selenium.remote.RemoteWebDriver.findElement(RemoteWebDriver.java:368)
                     	at org.openqa.selenium.remote.RemoteWebDriver.findElementByXPath(RemoteWebDriver.java:473)
                     	at org.openqa.selenium.By$ByXPath.findElement(By.java:361)
                     	at org.openqa.selenium.remote.RemoteWebDriver.findElement(RemoteWebDriver.java:360)
                     	at org.openqa.selenium.support.ui.ExpectedConditions.findElement(ExpectedConditions.java:895)
                     	at org.openqa.selenium.support.ui.ExpectedConditions.access$000(ExpectedConditions.java:41)
                     	at org.openqa.selenium.support.ui.ExpectedConditions$6.apply(ExpectedConditions.java:181)
                     	at org.openqa.selenium.support.ui.ExpectedConditions$6.apply(ExpectedConditions.java:178)
                     	at org.openqa.selenium.support.ui.FluentWait.until(FluentWait.java:238)
                     	... 30 more
                     nnFailure 4 of 4:njava.lang.NullPointerException
                     
                  </a>
                   
                  
               </td>
            </tr>
            <tr>
               <td colspan="4" class="detailsBox">
                  <div id="shopizer.PageSteps.VideoPageTest_TC_001_verify_video_streaming_byStatus_failed_FAIL1_details"
                       class="testMethodDetails">
                     <div>
                        <b>Name: </b>TC_001_verify_video_streaming
                     </div>
                     <div>
                        <b>Signature: </b>TC_001_verify_video_streaming()[pri:0, instance:shopizer.PageSteps.VideoPageTest@5f2050f6]
                     </div>
                     <div>
                        <b>Start time: </b>20:43:11
                     </div>
                     <div>
                        <b>End time: </b>20:43:31
                     </div>
                     <div>
                        <b>Duration: </b>20s
                        
                     </div>
                  </div>
               </td>
            </tr>
            <tr>
               <td colspan="4" class="detailsBox">
                  <div id="shopizer.PageSteps.VideoPageTest_TC_001_verify_video_streaming_byStatus_failed_FAIL1_exception"
                       class="testMethodDetails">
                     <pre style="padding: 5px; margin: 0;">java.lang.Throwable: Multiple failures (4):nnFailure 1 of 4:norg.openqa.selenium.TimeoutException: Expected condition failed:
                        waiting for presence of element located by: By.id: VideosLink6 (tried for 10 second(s) with 500 MILLISECONDS interval)
                        Build info: version: '3.0.1', revision: '1969d75', time: '2016-10-18 09:49:13 -0700'
                        System info: host: 'amir-HP-Pavilion-15-Notebook-PC', ip: '127.0.1.1', os.name: 'Linux', os.arch: 'amd64', os.version: '4.4.0-21-generic',
                        java.version: '1.8.0_121'
                        Driver info: org.openqa.selenium.chrome.ChromeDriver
                        Capabilities [{applicationCacheEnabled=false, rotatable=false, mobileEmulationEnabled=false, networkConnectionEnabled=false,
                        chrome={chromedriverVersion=2.27.440175 (9bc1d90b8bfa4dd181fbbf769a5eb5e575574320), userDataDir=/tmp/.org.chromium.Chromium.zfpH5Y},
                        takesHeapSnapshot=true, pageLoadStrategy=normal, databaseEnabled=false, handlesAlerts=true, hasTouchScreen=false, version=57.0.2987.110,
                        platform=LINUX, browserConnectionEnabled=false, nativeEvents=true, acceptSslCerts=true, locationContextEnabled=true, webStorageEnabled=true,
                        browserName=chrome, takesScreenshot=true, javascriptEnabled=true, cssSelectorsEnabled=true, unexpectedAlertBehaviour=}]
                        Session ID: 5c55d5c24740a7b5a2f8d790d2384bc0
                        	at org.openqa.selenium.support.ui.WebDriverWait.timeoutException(WebDriverWait.java:80)
                        	at org.openqa.selenium.support.ui.FluentWait.until(FluentWait.java:265)
                        	at shopizer.seleniumCommonFunctions.SeleniumCommon.getPresentElement(SeleniumCommon.java:621)
                        	at shopizer.seleniumCommonFunctions.SeleniumCommon.clickOnElement(SeleniumCommon.java:430)
                        	at shopizer.businessFunctions.AppFunctions.selectMenu(AppFunctions.java:98)
                        	at shopizer.PageObjects.VideoPage.selectMenu(VideoPage.java:38)
                        	at shopizer.PageSteps.VideoPageTest.TC_001_verify_video_streaming(VideoPageTest.java:36)
                        	at sun.reflect.NativeMethodAccessorImpl.invoke0(Native Method)
                        	at sun.reflect.NativeMethodAccessorImpl.invoke(NativeMethodAccessorImpl.java:62)
                        	at sun.reflect.DelegatingMethodAccessorImpl.invoke(DelegatingMethodAccessorImpl.java:43)
                        	at java.lang.reflect.Method.invoke(Method.java:498)
                        	at org.testng.internal.MethodInvocationHelper.invokeMethod(MethodInvocationHelper.java:85)
                        	at org.testng.internal.Invoker.invokeMethod(Invoker.java:696)
                        	at org.testng.internal.Invoker.invokeTestMethod(Invoker.java:882)
                        	at org.testng.internal.Invoker.invokeTestMethods(Invoker.java:1189)
                        	at org.testng.internal.TestMethodWorker.invokeTestMethods(TestMethodWorker.java:124)
                        	at org.testng.internal.TestMethodWorker.run(TestMethodWorker.java:108)
                        	at org.testng.TestRunner.privateRun(TestRunner.java:767)
                        	at org.testng.TestRunner.run(TestRunner.java:617)
                        	at org.testng.SuiteRunner.runTest(SuiteRunner.java:348)
                        	at org.testng.SuiteRunner.runSequentially(SuiteRunner.java:343)
                        	at org.testng.SuiteRunner.privateRun(SuiteRunner.java:305)
                        	at org.testng.SuiteRunner.run(SuiteRunner.java:254)
                        	at org.testng.SuiteRunnerWorker.runSuite(SuiteRunnerWorker.java:52)
                        	at org.testng.SuiteRunnerWorker.run(SuiteRunnerWorker.java:86)
                        	at org.testng.TestNG.runSuitesSequentially(TestNG.java:1224)
                        	at org.testng.TestNG.runSuitesLocally(TestNG.java:1149)
                        	at org.testng.TestNG.run(TestNG.java:1057)
                        	at org.apache.maven.surefire.testng.TestNGExecutor.run(TestNGExecutor.java:281)
                        	at org.apache.maven.surefire.testng.TestNGXmlTestSuite.execute(TestNGXmlTestSuite.java:75)
                        	at org.apache.maven.surefire.testng.TestNGProvider.invoke(TestNGProvider.java:121)
                        	at org.apache.maven.surefire.booter.ForkedBooter.invokeProviderInSameClassLoader(ForkedBooter.java:290)
                        	at org.apache.maven.surefire.booter.ForkedBooter.runSuitesInProcess(ForkedBooter.java:242)
                        	at org.apache.maven.surefire.booter.ForkedBooter.main(ForkedBooter.java:121)
                        Caused by: org.openqa.selenium.NoSuchElementException: no such element: Unable to locate element: {"method":"id","selector":"VideosLink6"}
                        (Session info: chrome=57.0.2987.110)
                        (Driver info: chromedriver=2.27.440175 (9bc1d90b8bfa4dd181fbbf769a5eb5e575574320),platform=Linux 4.4.0-21-generic x86_64)
                        (WARNING: The server did not provide any stacktrace information)
                        Command duration or timeout: 10.11 seconds
                        For documentation on this error, please visit: http://seleniumhq.org/exceptions/no_such_element.html
                        Build info: version: '3.0.1', revision: '1969d75', time: '2016-10-18 09:49:13 -0700'
                        System info: host: 'amir-HP-Pavilion-15-Notebook-PC', ip: '127.0.1.1', os.name: 'Linux', os.arch: 'amd64', os.version: '4.4.0-21-generic',
                        java.version: '1.8.0_121'
                        Driver info: org.openqa.selenium.chrome.ChromeDriver
                        Capabilities [{applicationCacheEnabled=false, rotatable=false, mobileEmulationEnabled=false, networkConnectionEnabled=false,
                        chrome={chromedriverVersion=2.27.440175 (9bc1d90b8bfa4dd181fbbf769a5eb5e575574320), userDataDir=/tmp/.org.chromium.Chromium.zfpH5Y},
                        takesHeapSnapshot=true, pageLoadStrategy=normal, databaseEnabled=false, handlesAlerts=true, hasTouchScreen=false, version=57.0.2987.110,
                        platform=LINUX, browserConnectionEnabled=false, nativeEvents=true, acceptSslCerts=true, locationContextEnabled=true, webStorageEnabled=true,
                        browserName=chrome, takesScreenshot=true, javascriptEnabled=true, cssSelectorsEnabled=true, unexpectedAlertBehaviour=}]
                        Session ID: 5c55d5c24740a7b5a2f8d790d2384bc0
                        *** Element info: {Using=id, value=VideosLink6}
                        	at sun.reflect.NativeConstructorAccessorImpl.newInstance0(Native Method)
                        	at sun.reflect.NativeConstructorAccessorImpl.newInstance(NativeConstructorAccessorImpl.java:62)
                        	at sun.reflect.DelegatingConstructorAccessorImpl.newInstance(DelegatingConstructorAccessorImpl.java:45)
                        	at java.lang.reflect.Constructor.newInstance(Constructor.java:423)
                        	at org.openqa.selenium.remote.ErrorHandler.createThrowable(ErrorHandler.java:216)
                        	at org.openqa.selenium.remote.ErrorHandler.throwIfResponseFailed(ErrorHandler.java:168)
                        	at org.openqa.selenium.remote.RemoteWebDriver.execute(RemoteWebDriver.java:635)
                        	at org.openqa.selenium.remote.RemoteWebDriver.findElement(RemoteWebDriver.java:368)
                        	at org.openqa.selenium.remote.RemoteWebDriver.findElementById(RemoteWebDriver.java:417)
                        	at org.openqa.selenium.By$ById.findElement(By.java:218)
                        	at org.openqa.selenium.remote.RemoteWebDriver.findElement(RemoteWebDriver.java:360)
                        	at org.openqa.selenium.support.ui.ExpectedConditions.findElement(ExpectedConditions.java:895)
                        	at org.openqa.selenium.support.ui.ExpectedConditions.access$000(ExpectedConditions.java:41)
                        	at org.openqa.selenium.support.ui.ExpectedConditions$6.apply(ExpectedConditions.java:181)
                        	at org.openqa.selenium.support.ui.ExpectedConditions$6.apply(ExpectedConditions.java:178)
                        	at org.openqa.selenium.support.ui.FluentWait.until(FluentWait.java:238)
                        	... 32 more
                        nnFailure 2 of 4:njava.lang.NullPointerException
                        	at shopizer.seleniumCommonFunctions.SeleniumCommon.clickOnElement(SeleniumCommon.java:431)
                        	at shopizer.businessFunctions.AppFunctions.selectMenu(AppFunctions.java:98)
                        	at shopizer.PageObjects.VideoPage.selectMenu(VideoPage.java:38)
                        	at shopizer.PageSteps.VideoPageTest.TC_001_verify_video_streaming(VideoPageTest.java:36)
                        	at sun.reflect.NativeMethodAccessorImpl.invoke0(Native Method)
                        	at sun.reflect.NativeMethodAccessorImpl.invoke(NativeMethodAccessorImpl.java:62)
                        	at sun.reflect.DelegatingMethodAccessorImpl.invoke(DelegatingMethodAccessorImpl.java:43)
                        	at java.lang.reflect.Method.invoke(Method.java:498)
                        	at org.testng.internal.MethodInvocationHelper.invokeMethod(MethodInvocationHelper.java:85)
                        	at org.testng.internal.Invoker.invokeMethod(Invoker.java:696)
                        	at org.testng.internal.Invoker.invokeTestMethod(Invoker.java:882)
                        	at org.testng.internal.Invoker.invokeTestMethods(Invoker.java:1189)
                        	at org.testng.internal.TestMethodWorker.invokeTestMethods(TestMethodWorker.java:124)
                        	at org.testng.internal.TestMethodWorker.run(TestMethodWorker.java:108)
                        	at org.testng.TestRunner.privateRun(TestRunner.java:767)
                        	at org.testng.TestRunner.run(TestRunner.java:617)
                        	at org.testng.SuiteRunner.runTest(SuiteRunner.java:348)
                        	at org.testng.SuiteRunner.runSequentially(SuiteRunner.java:343)
                        	at org.testng.SuiteRunner.privateRun(SuiteRunner.java:305)
                        	at org.testng.SuiteRunner.run(SuiteRunner.java:254)
                        	at org.testng.SuiteRunnerWorker.runSuite(SuiteRunnerWorker.java:52)
                        	at org.testng.SuiteRunnerWorker.run(SuiteRunnerWorker.java:86)
                        	at org.testng.TestNG.runSuitesSequentially(TestNG.java:1224)
                        	at org.testng.TestNG.runSuitesLocally(TestNG.java:1149)
                        	at org.testng.TestNG.run(TestNG.java:1057)
                        	at org.apache.maven.surefire.testng.TestNGExecutor.run(TestNGExecutor.java:281)
                        	at org.apache.maven.surefire.testng.TestNGXmlTestSuite.execute(TestNGXmlTestSuite.java:75)
                        	at org.apache.maven.surefire.testng.TestNGProvider.invoke(TestNGProvider.java:121)
                        	at org.apache.maven.surefire.booter.ForkedBooter.invokeProviderInSameClassLoader(ForkedBooter.java:290)
                        	at org.apache.maven.surefire.booter.ForkedBooter.runSuitesInProcess(ForkedBooter.java:242)
                        	at org.apache.maven.surefire.booter.ForkedBooter.main(ForkedBooter.java:121)
                        nnFailure 3 of 4:norg.openqa.selenium.TimeoutException: Expected condition failed: waiting for presence of element located
                        by: By.xpath: .//*[@id='Pavarotti'] (tried for 10 second(s) with 500 MILLISECONDS interval)
                        Build info: version: '3.0.1', revision: '1969d75', time: '2016-10-18 09:49:13 -0700'
                        System info: host: 'amir-HP-Pavilion-15-Notebook-PC', ip: '127.0.1.1', os.name: 'Linux', os.arch: 'amd64', os.version: '4.4.0-21-generic',
                        java.version: '1.8.0_121'
                        Driver info: org.openqa.selenium.chrome.ChromeDriver
                        Capabilities [{applicationCacheEnabled=false, rotatable=false, mobileEmulationEnabled=false, networkConnectionEnabled=false,
                        chrome={chromedriverVersion=2.27.440175 (9bc1d90b8bfa4dd181fbbf769a5eb5e575574320), userDataDir=/tmp/.org.chromium.Chromium.zfpH5Y},
                        takesHeapSnapshot=true, pageLoadStrategy=normal, databaseEnabled=false, handlesAlerts=true, hasTouchScreen=false, version=57.0.2987.110,
                        platform=LINUX, browserConnectionEnabled=false, nativeEvents=true, acceptSslCerts=true, locationContextEnabled=true, webStorageEnabled=true,
                        browserName=chrome, takesScreenshot=true, javascriptEnabled=true, cssSelectorsEnabled=true, unexpectedAlertBehaviour=}]
                        Session ID: 5c55d5c24740a7b5a2f8d790d2384bc0
                        	at org.openqa.selenium.support.ui.WebDriverWait.timeoutException(WebDriverWait.java:80)
                        	at org.openqa.selenium.support.ui.FluentWait.until(FluentWait.java:265)
                        	at shopizer.seleniumCommonFunctions.SeleniumCommon.getPresentElement(SeleniumCommon.java:617)
                        	at shopizer.businessFunctions.AppFunctions.playMovie(AppFunctions.java:221)
                        	at shopizer.PageSteps.VideoPageTest.TC_001_verify_video_streaming(VideoPageTest.java:38)
                        	at sun.reflect.NativeMethodAccessorImpl.invoke0(Native Method)
                        	at sun.reflect.NativeMethodAccessorImpl.invoke(NativeMethodAccessorImpl.java:62)
                        	at sun.reflect.DelegatingMethodAccessorImpl.invoke(DelegatingMethodAccessorImpl.java:43)
                        	at java.lang.reflect.Method.invoke(Method.java:498)
                        	at org.testng.internal.MethodInvocationHelper.invokeMethod(MethodInvocationHelper.java:85)
                        	at org.testng.internal.Invoker.invokeMethod(Invoker.java:696)
                        	at org.testng.internal.Invoker.invokeTestMethod(Invoker.java:882)
                        	at org.testng.internal.Invoker.invokeTestMethods(Invoker.java:1189)
                        	at org.testng.internal.TestMethodWorker.invokeTestMethods(TestMethodWorker.java:124)
                        	at org.testng.internal.TestMethodWorker.run(TestMethodWorker.java:108)
                        	at org.testng.TestRunner.privateRun(TestRunner.java:767)
                        	at org.testng.TestRunner.run(TestRunner.java:617)
                        	at org.testng.SuiteRunner.runTest(SuiteRunner.java:348)
                        	at org.testng.SuiteRunner.runSequentially(SuiteRunner.java:343)
                        	at org.testng.SuiteRunner.privateRun(SuiteRunner.java:305)
                        	at org.testng.SuiteRunner.run(SuiteRunner.java:254)
                        	at org.testng.SuiteRunnerWorker.runSuite(SuiteRunnerWorker.java:52)
                        	at org.testng.SuiteRunnerWorker.run(SuiteRunnerWorker.java:86)
                        	at org.testng.TestNG.runSuitesSequentially(TestNG.java:1224)
                        	at org.testng.TestNG.runSuitesLocally(TestNG.java:1149)
                        	at org.testng.TestNG.run(TestNG.java:1057)
                        	at org.apache.maven.surefire.testng.TestNGExecutor.run(TestNGExecutor.java:281)
                        	at org.apache.maven.surefire.testng.TestNGXmlTestSuite.execute(TestNGXmlTestSuite.java:75)
                        	at org.apache.maven.surefire.testng.TestNGProvider.invoke(TestNGProvider.java:121)
                        	at org.apache.maven.surefire.booter.ForkedBooter.invokeProviderInSameClassLoader(ForkedBooter.java:290)
                        	at org.apache.maven.surefire.booter.ForkedBooter.runSuitesInProcess(ForkedBooter.java:242)
                        	at org.apache.maven.surefire.booter.ForkedBooter.main(ForkedBooter.java:121)
                        Caused by: org.openqa.selenium.NoSuchElementException: no such element: Unable to locate element: {"method":"xpath","selector":".//*[@id='Pavarotti']"}
                        (Session info: chrome=57.0.2987.110)
                        (Driver info: chromedriver=2.27.440175 (9bc1d90b8bfa4dd181fbbf769a5eb5e575574320),platform=Linux 4.4.0-21-generic x86_64)
                        (WARNING: The server did not provide any stacktrace information)
                        Command duration or timeout: 10.07 seconds
                        For documentation on this error, please visit: http://seleniumhq.org/exceptions/no_such_element.html
                        Build info: version: '3.0.1', revision: '1969d75', time: '2016-10-18 09:49:13 -0700'
                        System info: host: 'amir-HP-Pavilion-15-Notebook-PC', ip: '127.0.1.1', os.name: 'Linux', os.arch: 'amd64', os.version: '4.4.0-21-generic',
                        java.version: '1.8.0_121'
                        Driver info: org.openqa.selenium.chrome.ChromeDriver
                        Capabilities [{applicationCacheEnabled=false, rotatable=false, mobileEmulationEnabled=false, networkConnectionEnabled=false,
                        chrome={chromedriverVersion=2.27.440175 (9bc1d90b8bfa4dd181fbbf769a5eb5e575574320), userDataDir=/tmp/.org.chromium.Chromium.zfpH5Y},
                        takesHeapSnapshot=true, pageLoadStrategy=normal, databaseEnabled=false, handlesAlerts=true, hasTouchScreen=false, version=57.0.2987.110,
                        platform=LINUX, browserConnectionEnabled=false, nativeEvents=true, acceptSslCerts=true, locationContextEnabled=true, webStorageEnabled=true,
                        browserName=chrome, takesScreenshot=true, javascriptEnabled=true, cssSelectorsEnabled=true, unexpectedAlertBehaviour=}]
                        Session ID: 5c55d5c24740a7b5a2f8d790d2384bc0
                        *** Element info: {Using=xpath, value=.//*[@id='Pavarotti']}
                        	at sun.reflect.NativeConstructorAccessorImpl.newInstance0(Native Method)
                        	at sun.reflect.NativeConstructorAccessorImpl.newInstance(NativeConstructorAccessorImpl.java:62)
                        	at sun.reflect.DelegatingConstructorAccessorImpl.newInstance(DelegatingConstructorAccessorImpl.java:45)
                        	at java.lang.reflect.Constructor.newInstance(Constructor.java:423)
                        	at org.openqa.selenium.remote.ErrorHandler.createThrowable(ErrorHandler.java:216)
                        	at org.openqa.selenium.remote.ErrorHandler.throwIfResponseFailed(ErrorHandler.java:168)
                        	at org.openqa.selenium.remote.RemoteWebDriver.execute(RemoteWebDriver.java:635)
                        	at org.openqa.selenium.remote.RemoteWebDriver.findElement(RemoteWebDriver.java:368)
                        	at org.openqa.selenium.remote.RemoteWebDriver.findElementByXPath(RemoteWebDriver.java:473)
                        	at org.openqa.selenium.By$ByXPath.findElement(By.java:361)
                        	at org.openqa.selenium.remote.RemoteWebDriver.findElement(RemoteWebDriver.java:360)
                        	at org.openqa.selenium.support.ui.ExpectedConditions.findElement(ExpectedConditions.java:895)
                        	at org.openqa.selenium.support.ui.ExpectedConditions.access$000(ExpectedConditions.java:41)
                        	at org.openqa.selenium.support.ui.ExpectedConditions$6.apply(ExpectedConditions.java:181)
                        	at org.openqa.selenium.support.ui.ExpectedConditions$6.apply(ExpectedConditions.java:178)
                        	at org.openqa.selenium.support.ui.FluentWait.until(FluentWait.java:238)
                        	... 30 more
                        nnFailure 4 of 4:njava.lang.NullPointerException
                        	at shopizer.businessFunctions.AppFunctions.playMovie(AppFunctions.java:224)
                        	at shopizer.PageSteps.VideoPageTest.TC_001_verify_video_streaming(VideoPageTest.java:38)
                        	at sun.reflect.NativeMethodAccessorImpl.invoke0(Native Method)
                        	at sun.reflect.NativeMethodAccessorImpl.invoke(NativeMethodAccessorImpl.java:62)
                        	at sun.reflect.DelegatingMethodAccessorImpl.invoke(DelegatingMethodAccessorImpl.java:43)
                        	at java.lang.reflect.Method.invoke(Method.java:498)
                        	at org.testng.internal.MethodInvocationHelper.invokeMethod(MethodInvocationHelper.java:85)
                        	at org.testng.internal.Invoker.invokeMethod(Invoker.java:696)
                        	at org.testng.internal.Invoker.invokeTestMethod(Invoker.java:882)
                        	at org.testng.internal.Invoker.invokeTestMethods(Invoker.java:1189)
                        	at org.testng.internal.TestMethodWorker.invokeTestMethods(TestMethodWorker.java:124)
                        	at org.testng.internal.TestMethodWorker.run(TestMethodWorker.java:108)
                        	at org.testng.TestRunner.privateRun(TestRunner.java:767)
                        	at org.testng.TestRunner.run(TestRunner.java:617)
                        	at org.testng.SuiteRunner.runTest(SuiteRunner.java:348)
                        	at org.testng.SuiteRunner.runSequentially(SuiteRunner.java:343)
                        	at org.testng.SuiteRunner.privateRun(SuiteRunner.java:305)
                        	at org.testng.SuiteRunner.run(SuiteRunner.java:254)
                        	at org.testng.SuiteRunnerWorker.runSuite(SuiteRunnerWorker.java:52)
                        	at org.testng.SuiteRunnerWorker.run(SuiteRunnerWorker.java:86)
                        	at org.testng.TestNG.runSuitesSequentially(TestNG.java:1224)
                        	at org.testng.TestNG.runSuitesLocally(TestNG.java:1149)
                        	at org.testng.TestNG.run(TestNG.java:1057)
                        	at org.apache.maven.surefire.testng.TestNGExecutor.run(TestNGExecutor.java:281)
                        	at org.apache.maven.surefire.testng.TestNGXmlTestSuite.execute(TestNGXmlTestSuite.java:75)
                        	at org.apache.maven.surefire.testng.TestNGProvider.invoke(TestNGProvider.java:121)
                        	at org.apache.maven.surefire.booter.ForkedBooter.invokeProviderInSameClassLoader(ForkedBooter.java:290)
                        	at org.apache.maven.surefire.booter.ForkedBooter.runSuitesInProcess(ForkedBooter.java:242)
                        	at org.apache.maven.surefire.booter.ForkedBooter.main(ForkedBooter.java:121)
                     </pre>
                  </div>
               </td>
            </tr>
            <tr id="shopizer.PageSteps.VideoPageTest_setUp_byStatus_passed_PASS1_row"
                class="testMethodStatusPASS testMethodStatusCONF">
               <td width="100%" class="firstMethodCell">
                  <a onclick="toggleDetailsVisibility('shopizer.PageSteps.VideoPageTest_setUp_byStatus_passed_PASS1_details')">setUp()</a>
               </td>
               <td nowrap="true">20:43:00</td>
               <td nowrap="true" align="right">11s
                  
               </td>
               <td nowrap="true">
                   
                  
               </td>
            </tr>
            <tr>
               <td colspan="4" class="detailsBox">
                  <div id="shopizer.PageSteps.VideoPageTest_setUp_byStatus_passed_PASS1_details"
                       class="testMethodDetails">
                     <div>
                        <b>Name: </b>setUp
                     </div>
                     <div>
                        <b>Signature: </b>setUp()[pri:0, instance:shopizer.PageSteps.VideoPageTest@5f2050f6]
                     </div>
                     <div>
                        <b>Start time: </b>20:43:00
                     </div>
                     <div>
                        <b>End time: </b>20:43:11
                     </div>
                     <div>
                        <b>Duration: </b>11s
                        
                     </div>
                  </div>
               </td>
            </tr>
            <tr></tr>
            <tr id="shopizer.PageSteps.VideoPageTest_closeBrowserName_byStatus_passed_PASS2_row"
                class="testMethodStatusPASS testMethodStatusCONF">
               <td width="100%" class="firstMethodCell">
                  <a onclick="toggleDetailsVisibility('shopizer.PageSteps.VideoPageTest_closeBrowserName_byStatus_passed_PASS2_details')">closeBrowserName()</a>
               </td>
               <td nowrap="true">20:43:31</td>
               <td nowrap="true" align="right">199 ms
                  
               </td>
               <td nowrap="true">
                   
                  
               </td>
            </tr>
            <tr>
               <td colspan="4" class="detailsBox">
                  <div id="shopizer.PageSteps.VideoPageTest_closeBrowserName_byStatus_passed_PASS2_details"
                       class="testMethodDetails">
                     <div>
                        <b>Name: </b>closeBrowserName
                     </div>
                     <div>
                        <b>Signature: </b>closeBrowserName()[pri:0, instance:shopizer.PageSteps.VideoPageTest@5f2050f6]
                     </div>
                     <div>
                        <b>Start time: </b>20:43:31
                     </div>
                     <div>
                        <b>End time: </b>20:43:32
                     </div>
                     <div>
                        <b>Duration: </b>199 ms
                        
                     </div>
                  </div>
               </td>
            </tr>
            <tr></tr>
         </table>
      </div>
      <div id="testMethodsByClass">
         <table class="testMethodsTable" cellpadding="0" cellspacing="0">
            <tr>
               <td colspan="4">
                  <h3 style="display: inline;">shopizer.PageSteps.VideoPageTest</h3>
               </td>
            </tr>
            <tr class="methodsTableHeader">
               <td width="100%">Name</td>
               <td nowrap="true">Started</td>
               <td nowrap="true">Duration</td>
               <td>Exception</td>
            </tr>
            <tr id="shopizer.PageSteps.VideoPageTest_setUp_byClass_PASS1_row"
                class="testMethodStatusPASS testMethodStatusCONF">
               <td width="100%" class="firstMethodCell">
                  <a onclick="toggleDetailsVisibility('shopizer.PageSteps.VideoPageTest_setUp_byClass_PASS1_details')">setUp()</a>
               </td>
               <td nowrap="true">20:43:00</td>
               <td nowrap="true" align="right">11s
                  
               </td>
               <td nowrap="true">
                   
                  
               </td>
            </tr>
            <tr>
               <td colspan="4" class="detailsBox">
                  <div id="shopizer.PageSteps.VideoPageTest_setUp_byClass_PASS1_details"
                       class="testMethodDetails">
                     <div>
                        <b>Name: </b>setUp
                     </div>
                     <div>
                        <b>Signature: </b>setUp()[pri:0, instance:shopizer.PageSteps.VideoPageTest@5f2050f6]
                     </div>
                     <div>
                        <b>Start time: </b>20:43:00
                     </div>
                     <div>
                        <b>End time: </b>20:43:11
                     </div>
                     <div>
                        <b>Duration: </b>11s
                        
                     </div>
                  </div>
               </td>
            </tr>
            <tr></tr>
            <tr id="shopizer.PageSteps.VideoPageTest_TC_001_verify_video_streaming_byClass_FAIL2_row"
                class="testMethodStatusFAIL">
               <td width="100%" class="firstMethodCell">
                  <a onclick="toggleDetailsVisibility('shopizer.PageSteps.VideoPageTest_TC_001_verify_video_streaming_byClass_FAIL2_details')">TC_001_verify_video_streaming()</a>
               </td>
               <td nowrap="true">20:43:11</td>
               <td nowrap="true" align="right">20s
                  
               </td>
               <td nowrap="true">
                  <a onclick="toggleDetailsVisibility('shopizer.PageSteps.VideoPageTest_TC_001_verify_video_streaming_byClass_FAIL2_exception')">java.lang.Throwable: 
                     Multiple failures (4):nnFailure 1 of 4:norg.openqa.selenium.TimeoutException: Expected condition failed: waiting for presence
                     of element located by: By.id: VideosLink6 (tried for 10 second(s) with 500 MILLISECONDS interval)
                     Build info: version: '3.0.1', revision: '1969d75', time: '2016-10-18 09:49:13 -0700'
                     System info: host: 'amir-HP-Pavilion-15-Notebook-PC', ip: '127.0.1.1', os.name: 'Linux', os.arch: 'amd64', os.version: '4.4.0-21-generic',
                     java.version: '1.8.0_121'
                     Driver info: org.openqa.selenium.chrome.ChromeDriver
                     Capabilities [{applicationCacheEnabled=false, rotatable=false, mobileEmulationEnabled=false, networkConnectionEnabled=false,
                     chrome={chromedriverVersion=2.27.440175 (9bc1d90b8bfa4dd181fbbf769a5eb5e575574320), userDataDir=/tmp/.org.chromium.Chromium.zfpH5Y},
                     takesHeapSnapshot=true, pageLoadStrategy=normal, databaseEnabled=false, handlesAlerts=true, hasTouchScreen=false, version=57.0.2987.110,
                     platform=LINUX, browserConnectionEnabled=false, nativeEvents=true, acceptSslCerts=true, locationContextEnabled=true, webStorageEnabled=true,
                     browserName=chrome, takesScreenshot=true, javascriptEnabled=true, cssSelectorsEnabled=true, unexpectedAlertBehaviour=}]
                     Session ID: 5c55d5c24740a7b5a2f8d790d2384bc0
                     	at org.openqa.selenium.support.ui.WebDriverWait.timeoutException(WebDriverWait.java:80)
                     	at org.openqa.selenium.support.ui.FluentWait.until(FluentWait.java:265)
                     	at shopizer.seleniumCommonFunctions.SeleniumCommon.getPresentElement(SeleniumCommon.java:621)
                     	at shopizer.seleniumCommonFunctions.SeleniumCommon.clickOnElement(SeleniumCommon.java:430)
                     	at shopizer.businessFunctions.AppFunctions.selectMenu(AppFunctions.java:98)
                     	at shopizer.PageObjects.VideoPage.selectMenu(VideoPage.java:38)
                     	at shopizer.PageSteps.VideoPageTest.TC_001_verify_video_streaming(VideoPageTest.java:36)
                     	at sun.reflect.NativeMethodAccessorImpl.invoke0(Native Method)
                     	at sun.reflect.NativeMethodAccessorImpl.invoke(NativeMethodAccessorImpl.java:62)
                     	at sun.reflect.DelegatingMethodAccessorImpl.invoke(DelegatingMethodAccessorImpl.java:43)
                     	at java.lang.reflect.Method.invoke(Method.java:498)
                     	at org.testng.internal.MethodInvocationHelper.invokeMethod(MethodInvocationHelper.java:85)
                     	at org.testng.internal.Invoker.invokeMethod(Invoker.java:696)
                     	at org.testng.internal.Invoker.invokeTestMethod(Invoker.java:882)
                     	at org.testng.internal.Invoker.invokeTestMethods(Invoker.java:1189)
                     	at org.testng.internal.TestMethodWorker.invokeTestMethods(TestMethodWorker.java:124)
                     	at org.testng.internal.TestMethodWorker.run(TestMethodWorker.java:108)
                     	at org.testng.TestRunner.privateRun(TestRunner.java:767)
                     	at org.testng.TestRunner.run(TestRunner.java:617)
                     	at org.testng.SuiteRunner.runTest(SuiteRunner.java:348)
                     	at org.testng.SuiteRunner.runSequentially(SuiteRunner.java:343)
                     	at org.testng.SuiteRunner.privateRun(SuiteRunner.java:305)
                     	at org.testng.SuiteRunner.run(SuiteRunner.java:254)
                     	at org.testng.SuiteRunnerWorker.runSuite(SuiteRunnerWorker.java:52)
                     	at org.testng.SuiteRunnerWorker.run(SuiteRunnerWorker.java:86)
                     	at org.testng.TestNG.runSuitesSequentially(TestNG.java:1224)
                     	at org.testng.TestNG.runSuitesLocally(TestNG.java:1149)
                     	at org.testng.TestNG.run(TestNG.java:1057)
                     	at org.apache.maven.surefire.testng.TestNGExecutor.run(TestNGExecutor.java:281)
                     	at org.apache.maven.surefire.testng.TestNGXmlTestSuite.execute(TestNGXmlTestSuite.java:75)
                     	at org.apache.maven.surefire.testng.TestNGProvider.invoke(TestNGProvider.java:121)
                     	at org.apache.maven.surefire.booter.ForkedBooter.invokeProviderInSameClassLoader(ForkedBooter.java:290)
                     	at org.apache.maven.surefire.booter.ForkedBooter.runSuitesInProcess(ForkedBooter.java:242)
                     	at org.apache.maven.surefire.booter.ForkedBooter.main(ForkedBooter.java:121)
                     Caused by: org.openqa.selenium.NoSuchElementException: no such element: Unable to locate element: {"method":"id","selector":"VideosLink6"}
                     (Session info: chrome=57.0.2987.110)
                     (Driver info: chromedriver=2.27.440175 (9bc1d90b8bfa4dd181fbbf769a5eb5e575574320),platform=Linux 4.4.0-21-generic x86_64)
                     (WARNING: The server did not provide any stacktrace information)
                     Command duration or timeout: 10.11 seconds
                     For documentation on this error, please visit: http://seleniumhq.org/exceptions/no_such_element.html
                     Build info: version: '3.0.1', revision: '1969d75', time: '2016-10-18 09:49:13 -0700'
                     System info: host: 'amir-HP-Pavilion-15-Notebook-PC', ip: '127.0.1.1', os.name: 'Linux', os.arch: 'amd64', os.version: '4.4.0-21-generic',
                     java.version: '1.8.0_121'
                     Driver info: org.openqa.selenium.chrome.ChromeDriver
                     Capabilities [{applicationCacheEnabled=false, rotatable=false, mobileEmulationEnabled=false, networkConnectionEnabled=false,
                     chrome={chromedriverVersion=2.27.440175 (9bc1d90b8bfa4dd181fbbf769a5eb5e575574320), userDataDir=/tmp/.org.chromium.Chromium.zfpH5Y},
                     takesHeapSnapshot=true, pageLoadStrategy=normal, databaseEnabled=false, handlesAlerts=true, hasTouchScreen=false, version=57.0.2987.110,
                     platform=LINUX, browserConnectionEnabled=false, nativeEvents=true, acceptSslCerts=true, locationContextEnabled=true, webStorageEnabled=true,
                     browserName=chrome, takesScreenshot=true, javascriptEnabled=true, cssSelectorsEnabled=true, unexpectedAlertBehaviour=}]
                     Session ID: 5c55d5c24740a7b5a2f8d790d2384bc0
                     *** Element info: {Using=id, value=VideosLink6}
                     	at sun.reflect.NativeConstructorAccessorImpl.newInstance0(Native Method)
                     	at sun.reflect.NativeConstructorAccessorImpl.newInstance(NativeConstructorAccessorImpl.java:62)
                     	at sun.reflect.DelegatingConstructorAccessorImpl.newInstance(DelegatingConstructorAccessorImpl.java:45)
                     	at java.lang.reflect.Constructor.newInstance(Constructor.java:423)
                     	at org.openqa.selenium.remote.ErrorHandler.createThrowable(ErrorHandler.java:216)
                     	at org.openqa.selenium.remote.ErrorHandler.throwIfResponseFailed(ErrorHandler.java:168)
                     	at org.openqa.selenium.remote.RemoteWebDriver.execute(RemoteWebDriver.java:635)
                     	at org.openqa.selenium.remote.RemoteWebDriver.findElement(RemoteWebDriver.java:368)
                     	at org.openqa.selenium.remote.RemoteWebDriver.findElementById(RemoteWebDriver.java:417)
                     	at org.openqa.selenium.By$ById.findElement(By.java:218)
                     	at org.openqa.selenium.remote.RemoteWebDriver.findElement(RemoteWebDriver.java:360)
                     	at org.openqa.selenium.support.ui.ExpectedConditions.findElement(ExpectedConditions.java:895)
                     	at org.openqa.selenium.support.ui.ExpectedConditions.access$000(ExpectedConditions.java:41)
                     	at org.openqa.selenium.support.ui.ExpectedConditions$6.apply(ExpectedConditions.java:181)
                     	at org.openqa.selenium.support.ui.ExpectedConditions$6.apply(ExpectedConditions.java:178)
                     	at org.openqa.selenium.support.ui.FluentWait.until(FluentWait.java:238)
                     	... 32 more
                     nnFailure 2 of 4:njava.lang.NullPointerException
                     	at shopizer.seleniumCommonFunctions.SeleniumCommon.clickOnElement(SeleniumCommon.java:431)
                     	at shopizer.businessFunctions.AppFunctions.selectMenu(AppFunctions.java:98)
                     	at shopizer.PageObjects.VideoPage.selectMenu(VideoPage.java:38)
                     	at shopizer.PageSteps.VideoPageTest.TC_001_verify_video_streaming(VideoPageTest.java:36)
                     	at sun.reflect.NativeMethodAccessorImpl.invoke0(Native Method)
                     	at sun.reflect.NativeMethodAccessorImpl.invoke(NativeMethodAccessorImpl.java:62)
                     	at sun.reflect.DelegatingMethodAccessorImpl.invoke(DelegatingMethodAccessorImpl.java:43)
                     	at java.lang.reflect.Method.invoke(Method.java:498)
                     	at org.testng.internal.MethodInvocationHelper.invokeMethod(MethodInvocationHelper.java:85)
                     	at org.testng.internal.Invoker.invokeMethod(Invoker.java:696)
                     	at org.testng.internal.Invoker.invokeTestMethod(Invoker.java:882)
                     	at org.testng.internal.Invoker.invokeTestMethods(Invoker.java:1189)
                     	at org.testng.internal.TestMethodWorker.invokeTestMethods(TestMethodWorker.java:124)
                     	at org.testng.internal.TestMethodWorker.run(TestMethodWorker.java:108)
                     	at org.testng.TestRunner.privateRun(TestRunner.java:767)
                     	at org.testng.TestRunner.run(TestRunner.java:617)
                     	at org.testng.SuiteRunner.runTest(SuiteRunner.java:348)
                     	at org.testng.SuiteRunner.runSequentially(SuiteRunner.java:343)
                     	at org.testng.SuiteRunner.privateRun(SuiteRunner.java:305)
                     	at org.testng.SuiteRunner.run(SuiteRunner.java:254)
                     	at org.testng.SuiteRunnerWorker.runSuite(SuiteRunnerWorker.java:52)
                     	at org.testng.SuiteRunnerWorker.run(SuiteRunnerWorker.java:86)
                     	at org.testng.TestNG.runSuitesSequentially(TestNG.java:1224)
                     	at org.testng.TestNG.runSuitesLocally(TestNG.java:1149)
                     	at org.testng.TestNG.run(TestNG.java:1057)
                     	at org.apache.maven.surefire.testng.TestNGExecutor.run(TestNGExecutor.java:281)
                     	at org.apache.maven.surefire.testng.TestNGXmlTestSuite.execute(TestNGXmlTestSuite.java:75)
                     	at org.apache.maven.surefire.testng.TestNGProvider.invoke(TestNGProvider.java:121)
                     	at org.apache.maven.surefire.booter.ForkedBooter.invokeProviderInSameClassLoader(ForkedBooter.java:290)
                     	at org.apache.maven.surefire.booter.ForkedBooter.runSuitesInProcess(ForkedBooter.java:242)
                     	at org.apache.maven.surefire.booter.ForkedBooter.main(ForkedBooter.java:121)
                     nnFailure 3 of 4:norg.openqa.selenium.TimeoutException: Expected condition failed: waiting for presence of element located
                     by: By.xpath: .//*[@id='Pavarotti'] (tried for 10 second(s) with 500 MILLISECONDS interval)
                     Build info: version: '3.0.1', revision: '1969d75', time: '2016-10-18 09:49:13 -0700'
                     System info: host: 'amir-HP-Pavilion-15-Notebook-PC', ip: '127.0.1.1', os.name: 'Linux', os.arch: 'amd64', os.version: '4.4.0-21-generic',
                     java.version: '1.8.0_121'
                     Driver info: org.openqa.selenium.chrome.ChromeDriver
                     Capabilities [{applicationCacheEnabled=false, rotatable=false, mobileEmulationEnabled=false, networkConnectionEnabled=false,
                     chrome={chromedriverVersion=2.27.440175 (9bc1d90b8bfa4dd181fbbf769a5eb5e575574320), userDataDir=/tmp/.org.chromium.Chromium.zfpH5Y},
                     takesHeapSnapshot=true, pageLoadStrategy=normal, databaseEnabled=false, handlesAlerts=true, hasTouchScreen=false, version=57.0.2987.110,
                     platform=LINUX, browserConnectionEnabled=false, nativeEvents=true, acceptSslCerts=true, locationContextEnabled=true, webStorageEnabled=true,
                     browserName=chrome, takesScreenshot=true, javascriptEnabled=true, cssSelectorsEnabled=true, unexpectedAlertBehaviour=}]
                     Session ID: 5c55d5c24740a7b5a2f8d790d2384bc0
                     	at org.openqa.selenium.support.ui.WebDriverWait.timeoutException(WebDriverWait.java:80)
                     	at org.openqa.selenium.support.ui.FluentWait.until(FluentWait.java:265)
                     	at shopizer.seleniumCommonFunctions.SeleniumCommon.getPresentElement(SeleniumCommon.java:617)
                     	at shopizer.businessFunctions.AppFunctions.playMovie(AppFunctions.java:221)
                     	at shopizer.PageSteps.VideoPageTest.TC_001_verify_video_streaming(VideoPageTest.java:38)
                     	at sun.reflect.NativeMethodAccessorImpl.invoke0(Native Method)
                     	at sun.reflect.NativeMethodAccessorImpl.invoke(NativeMethodAccessorImpl.java:62)
                     	at sun.reflect.DelegatingMethodAccessorImpl.invoke(DelegatingMethodAccessorImpl.java:43)
                     	at java.lang.reflect.Method.invoke(Method.java:498)
                     	at org.testng.internal.MethodInvocationHelper.invokeMethod(MethodInvocationHelper.java:85)
                     	at org.testng.internal.Invoker.invokeMethod(Invoker.java:696)
                     	at org.testng.internal.Invoker.invokeTestMethod(Invoker.java:882)
                     	at org.testng.internal.Invoker.invokeTestMethods(Invoker.java:1189)
                     	at org.testng.internal.TestMethodWorker.invokeTestMethods(TestMethodWorker.java:124)
                     	at org.testng.internal.TestMethodWorker.run(TestMethodWorker.java:108)
                     	at org.testng.TestRunner.privateRun(TestRunner.java:767)
                     	at org.testng.TestRunner.run(TestRunner.java:617)
                     	at org.testng.SuiteRunner.runTest(SuiteRunner.java:348)
                     	at org.testng.SuiteRunner.runSequentially(SuiteRunner.java:343)
                     	at org.testng.SuiteRunner.privateRun(SuiteRunner.java:305)
                     	at org.testng.SuiteRunner.run(SuiteRunner.java:254)
                     	at org.testng.SuiteRunnerWorker.runSuite(SuiteRunnerWorker.java:52)
                     	at org.testng.SuiteRunnerWorker.run(SuiteRunnerWorker.java:86)
                     	at org.testng.TestNG.runSuitesSequentially(TestNG.java:1224)
                     	at org.testng.TestNG.runSuitesLocally(TestNG.java:1149)
                     	at org.testng.TestNG.run(TestNG.java:1057)
                     	at org.apache.maven.surefire.testng.TestNGExecutor.run(TestNGExecutor.java:281)
                     	at org.apache.maven.surefire.testng.TestNGXmlTestSuite.execute(TestNGXmlTestSuite.java:75)
                     	at org.apache.maven.surefire.testng.TestNGProvider.invoke(TestNGProvider.java:121)
                     	at org.apache.maven.surefire.booter.ForkedBooter.invokeProviderInSameClassLoader(ForkedBooter.java:290)
                     	at org.apache.maven.surefire.booter.ForkedBooter.runSuitesInProcess(ForkedBooter.java:242)
                     	at org.apache.maven.surefire.booter.ForkedBooter.main(ForkedBooter.java:121)
                     Caused by: org.openqa.selenium.NoSuchElementException: no such element: Unable to locate element: {"method":"xpath","selector":".//*[@id='Pavarotti']"}
                     (Session info: chrome=57.0.2987.110)
                     (Driver info: chromedriver=2.27.440175 (9bc1d90b8bfa4dd181fbbf769a5eb5e575574320),platform=Linux 4.4.0-21-generic x86_64)
                     (WARNING: The server did not provide any stacktrace information)
                     Command duration or timeout: 10.07 seconds
                     For documentation on this error, please visit: http://seleniumhq.org/exceptions/no_such_element.html
                     Build info: version: '3.0.1', revision: '1969d75', time: '2016-10-18 09:49:13 -0700'
                     System info: host: 'amir-HP-Pavilion-15-Notebook-PC', ip: '127.0.1.1', os.name: 'Linux', os.arch: 'amd64', os.version: '4.4.0-21-generic',
                     java.version: '1.8.0_121'
                     Driver info: org.openqa.selenium.chrome.ChromeDriver
                     Capabilities [{applicationCacheEnabled=false, rotatable=false, mobileEmulationEnabled=false, networkConnectionEnabled=false,
                     chrome={chromedriverVersion=2.27.440175 (9bc1d90b8bfa4dd181fbbf769a5eb5e575574320), userDataDir=/tmp/.org.chromium.Chromium.zfpH5Y},
                     takesHeapSnapshot=true, pageLoadStrategy=normal, databaseEnabled=false, handlesAlerts=true, hasTouchScreen=false, version=57.0.2987.110,
                     platform=LINUX, browserConnectionEnabled=false, nativeEvents=true, acceptSslCerts=true, locationContextEnabled=true, webStorageEnabled=true,
                     browserName=chrome, takesScreenshot=true, javascriptEnabled=true, cssSelectorsEnabled=true, unexpectedAlertBehaviour=}]
                     Session ID: 5c55d5c24740a7b5a2f8d790d2384bc0
                     *** Element info: {Using=xpath, value=.//*[@id='Pavarotti']}
                     	at sun.reflect.NativeConstructorAccessorImpl.newInstance0(Native Method)
                     	at sun.reflect.NativeConstructorAccessorImpl.newInstance(NativeConstructorAccessorImpl.java:62)
                     	at sun.reflect.DelegatingConstructorAccessorImpl.newInstance(DelegatingConstructorAccessorImpl.java:45)
                     	at java.lang.reflect.Constructor.newInstance(Constructor.java:423)
                     	at org.openqa.selenium.remote.ErrorHandler.createThrowable(ErrorHandler.java:216)
                     	at org.openqa.selenium.remote.ErrorHandler.throwIfResponseFailed(ErrorHandler.java:168)
                     	at org.openqa.selenium.remote.RemoteWebDriver.execute(RemoteWebDriver.java:635)
                     	at org.openqa.selenium.remote.RemoteWebDriver.findElement(RemoteWebDriver.java:368)
                     	at org.openqa.selenium.remote.RemoteWebDriver.findElementByXPath(RemoteWebDriver.java:473)
                     	at org.openqa.selenium.By$ByXPath.findElement(By.java:361)
                     	at org.openqa.selenium.remote.RemoteWebDriver.findElement(RemoteWebDriver.java:360)
                     	at org.openqa.selenium.support.ui.ExpectedConditions.findElement(ExpectedConditions.java:895)
                     	at org.openqa.selenium.support.ui.ExpectedConditions.access$000(ExpectedConditions.java:41)
                     	at org.openqa.selenium.support.ui.ExpectedConditions$6.apply(ExpectedConditions.java:181)
                     	at org.openqa.selenium.support.ui.ExpectedConditions$6.apply(ExpectedConditions.java:178)
                     	at org.openqa.selenium.support.ui.FluentWait.until(FluentWait.java:238)
                     	... 30 more
                     nnFailure 4 of 4:njava.lang.NullPointerException
                     
                  </a>
                   
                  
               </td>
            </tr>
            <tr>
               <td colspan="4" class="detailsBox">
                  <div id="shopizer.PageSteps.VideoPageTest_TC_001_verify_video_streaming_byClass_FAIL2_details"
                       class="testMethodDetails">
                     <div>
                        <b>Name: </b>TC_001_verify_video_streaming
                     </div>
                     <div>
                        <b>Signature: </b>TC_001_verify_video_streaming()[pri:0, instance:shopizer.PageSteps.VideoPageTest@5f2050f6]
                     </div>
                     <div>
                        <b>Start time: </b>20:43:11
                     </div>
                     <div>
                        <b>End time: </b>20:43:31
                     </div>
                     <div>
                        <b>Duration: </b>20s
                        
                     </div>
                  </div>
               </td>
            </tr>
            <tr>
               <td colspan="4" class="detailsBox">
                  <div id="shopizer.PageSteps.VideoPageTest_TC_001_verify_video_streaming_byClass_FAIL2_exception"
                       class="testMethodDetails">
                     <pre style="padding: 5px; margin: 0;">java.lang.Throwable: Multiple failures (4):nnFailure 1 of 4:norg.openqa.selenium.TimeoutException: Expected condition failed:
                        waiting for presence of element located by: By.id: VideosLink6 (tried for 10 second(s) with 500 MILLISECONDS interval)
                        Build info: version: '3.0.1', revision: '1969d75', time: '2016-10-18 09:49:13 -0700'
                        System info: host: 'amir-HP-Pavilion-15-Notebook-PC', ip: '127.0.1.1', os.name: 'Linux', os.arch: 'amd64', os.version: '4.4.0-21-generic',
                        java.version: '1.8.0_121'
                        Driver info: org.openqa.selenium.chrome.ChromeDriver
                        Capabilities [{applicationCacheEnabled=false, rotatable=false, mobileEmulationEnabled=false, networkConnectionEnabled=false,
                        chrome={chromedriverVersion=2.27.440175 (9bc1d90b8bfa4dd181fbbf769a5eb5e575574320), userDataDir=/tmp/.org.chromium.Chromium.zfpH5Y},
                        takesHeapSnapshot=true, pageLoadStrategy=normal, databaseEnabled=false, handlesAlerts=true, hasTouchScreen=false, version=57.0.2987.110,
                        platform=LINUX, browserConnectionEnabled=false, nativeEvents=true, acceptSslCerts=true, locationContextEnabled=true, webStorageEnabled=true,
                        browserName=chrome, takesScreenshot=true, javascriptEnabled=true, cssSelectorsEnabled=true, unexpectedAlertBehaviour=}]
                        Session ID: 5c55d5c24740a7b5a2f8d790d2384bc0
                        	at org.openqa.selenium.support.ui.WebDriverWait.timeoutException(WebDriverWait.java:80)
                        	at org.openqa.selenium.support.ui.FluentWait.until(FluentWait.java:265)
                        	at shopizer.seleniumCommonFunctions.SeleniumCommon.getPresentElement(SeleniumCommon.java:621)
                        	at shopizer.seleniumCommonFunctions.SeleniumCommon.clickOnElement(SeleniumCommon.java:430)
                        	at shopizer.businessFunctions.AppFunctions.selectMenu(AppFunctions.java:98)
                        	at shopizer.PageObjects.VideoPage.selectMenu(VideoPage.java:38)
                        	at shopizer.PageSteps.VideoPageTest.TC_001_verify_video_streaming(VideoPageTest.java:36)
                        	at sun.reflect.NativeMethodAccessorImpl.invoke0(Native Method)
                        	at sun.reflect.NativeMethodAccessorImpl.invoke(NativeMethodAccessorImpl.java:62)
                        	at sun.reflect.DelegatingMethodAccessorImpl.invoke(DelegatingMethodAccessorImpl.java:43)
                        	at java.lang.reflect.Method.invoke(Method.java:498)
                        	at org.testng.internal.MethodInvocationHelper.invokeMethod(MethodInvocationHelper.java:85)
                        	at org.testng.internal.Invoker.invokeMethod(Invoker.java:696)
                        	at org.testng.internal.Invoker.invokeTestMethod(Invoker.java:882)
                        	at org.testng.internal.Invoker.invokeTestMethods(Invoker.java:1189)
                        	at org.testng.internal.TestMethodWorker.invokeTestMethods(TestMethodWorker.java:124)
                        	at org.testng.internal.TestMethodWorker.run(TestMethodWorker.java:108)
                        	at org.testng.TestRunner.privateRun(TestRunner.java:767)
                        	at org.testng.TestRunner.run(TestRunner.java:617)
                        	at org.testng.SuiteRunner.runTest(SuiteRunner.java:348)
                        	at org.testng.SuiteRunner.runSequentially(SuiteRunner.java:343)
                        	at org.testng.SuiteRunner.privateRun(SuiteRunner.java:305)
                        	at org.testng.SuiteRunner.run(SuiteRunner.java:254)
                        	at org.testng.SuiteRunnerWorker.runSuite(SuiteRunnerWorker.java:52)
                        	at org.testng.SuiteRunnerWorker.run(SuiteRunnerWorker.java:86)
                        	at org.testng.TestNG.runSuitesSequentially(TestNG.java:1224)
                        	at org.testng.TestNG.runSuitesLocally(TestNG.java:1149)
                        	at org.testng.TestNG.run(TestNG.java:1057)
                        	at org.apache.maven.surefire.testng.TestNGExecutor.run(TestNGExecutor.java:281)
                        	at org.apache.maven.surefire.testng.TestNGXmlTestSuite.execute(TestNGXmlTestSuite.java:75)
                        	at org.apache.maven.surefire.testng.TestNGProvider.invoke(TestNGProvider.java:121)
                        	at org.apache.maven.surefire.booter.ForkedBooter.invokeProviderInSameClassLoader(ForkedBooter.java:290)
                        	at org.apache.maven.surefire.booter.ForkedBooter.runSuitesInProcess(ForkedBooter.java:242)
                        	at org.apache.maven.surefire.booter.ForkedBooter.main(ForkedBooter.java:121)
                        Caused by: org.openqa.selenium.NoSuchElementException: no such element: Unable to locate element: {"method":"id","selector":"VideosLink6"}
                        (Session info: chrome=57.0.2987.110)
                        (Driver info: chromedriver=2.27.440175 (9bc1d90b8bfa4dd181fbbf769a5eb5e575574320),platform=Linux 4.4.0-21-generic x86_64)
                        (WARNING: The server did not provide any stacktrace information)
                        Command duration or timeout: 10.11 seconds
                        For documentation on this error, please visit: http://seleniumhq.org/exceptions/no_such_element.html
                        Build info: version: '3.0.1', revision: '1969d75', time: '2016-10-18 09:49:13 -0700'
                        System info: host: 'amir-HP-Pavilion-15-Notebook-PC', ip: '127.0.1.1', os.name: 'Linux', os.arch: 'amd64', os.version: '4.4.0-21-generic',
                        java.version: '1.8.0_121'
                        Driver info: org.openqa.selenium.chrome.ChromeDriver
                        Capabilities [{applicationCacheEnabled=false, rotatable=false, mobileEmulationEnabled=false, networkConnectionEnabled=false,
                        chrome={chromedriverVersion=2.27.440175 (9bc1d90b8bfa4dd181fbbf769a5eb5e575574320), userDataDir=/tmp/.org.chromium.Chromium.zfpH5Y},
                        takesHeapSnapshot=true, pageLoadStrategy=normal, databaseEnabled=false, handlesAlerts=true, hasTouchScreen=false, version=57.0.2987.110,
                        platform=LINUX, browserConnectionEnabled=false, nativeEvents=true, acceptSslCerts=true, locationContextEnabled=true, webStorageEnabled=true,
                        browserName=chrome, takesScreenshot=true, javascriptEnabled=true, cssSelectorsEnabled=true, unexpectedAlertBehaviour=}]
                        Session ID: 5c55d5c24740a7b5a2f8d790d2384bc0
                        *** Element info: {Using=id, value=VideosLink6}
                        	at sun.reflect.NativeConstructorAccessorImpl.newInstance0(Native Method)
                        	at sun.reflect.NativeConstructorAccessorImpl.newInstance(NativeConstructorAccessorImpl.java:62)
                        	at sun.reflect.DelegatingConstructorAccessorImpl.newInstance(DelegatingConstructorAccessorImpl.java:45)
                        	at java.lang.reflect.Constructor.newInstance(Constructor.java:423)
                        	at org.openqa.selenium.remote.ErrorHandler.createThrowable(ErrorHandler.java:216)
                        	at org.openqa.selenium.remote.ErrorHandler.throwIfResponseFailed(ErrorHandler.java:168)
                        	at org.openqa.selenium.remote.RemoteWebDriver.execute(RemoteWebDriver.java:635)
                        	at org.openqa.selenium.remote.RemoteWebDriver.findElement(RemoteWebDriver.java:368)
                        	at org.openqa.selenium.remote.RemoteWebDriver.findElementById(RemoteWebDriver.java:417)
                        	at org.openqa.selenium.By$ById.findElement(By.java:218)
                        	at org.openqa.selenium.remote.RemoteWebDriver.findElement(RemoteWebDriver.java:360)
                        	at org.openqa.selenium.support.ui.ExpectedConditions.findElement(ExpectedConditions.java:895)
                        	at org.openqa.selenium.support.ui.ExpectedConditions.access$000(ExpectedConditions.java:41)
                        	at org.openqa.selenium.support.ui.ExpectedConditions$6.apply(ExpectedConditions.java:181)
                        	at org.openqa.selenium.support.ui.ExpectedConditions$6.apply(ExpectedConditions.java:178)
                        	at org.openqa.selenium.support.ui.FluentWait.until(FluentWait.java:238)
                        	... 32 more
                        nnFailure 2 of 4:njava.lang.NullPointerException
                        	at shopizer.seleniumCommonFunctions.SeleniumCommon.clickOnElement(SeleniumCommon.java:431)
                        	at shopizer.businessFunctions.AppFunctions.selectMenu(AppFunctions.java:98)
                        	at shopizer.PageObjects.VideoPage.selectMenu(VideoPage.java:38)
                        	at shopizer.PageSteps.VideoPageTest.TC_001_verify_video_streaming(VideoPageTest.java:36)
                        	at sun.reflect.NativeMethodAccessorImpl.invoke0(Native Method)
                        	at sun.reflect.NativeMethodAccessorImpl.invoke(NativeMethodAccessorImpl.java:62)
                        	at sun.reflect.DelegatingMethodAccessorImpl.invoke(DelegatingMethodAccessorImpl.java:43)
                        	at java.lang.reflect.Method.invoke(Method.java:498)
                        	at org.testng.internal.MethodInvocationHelper.invokeMethod(MethodInvocationHelper.java:85)
                        	at org.testng.internal.Invoker.invokeMethod(Invoker.java:696)
                        	at org.testng.internal.Invoker.invokeTestMethod(Invoker.java:882)
                        	at org.testng.internal.Invoker.invokeTestMethods(Invoker.java:1189)
                        	at org.testng.internal.TestMethodWorker.invokeTestMethods(TestMethodWorker.java:124)
                        	at org.testng.internal.TestMethodWorker.run(TestMethodWorker.java:108)
                        	at org.testng.TestRunner.privateRun(TestRunner.java:767)
                        	at org.testng.TestRunner.run(TestRunner.java:617)
                        	at org.testng.SuiteRunner.runTest(SuiteRunner.java:348)
                        	at org.testng.SuiteRunner.runSequentially(SuiteRunner.java:343)
                        	at org.testng.SuiteRunner.privateRun(SuiteRunner.java:305)
                        	at org.testng.SuiteRunner.run(SuiteRunner.java:254)
                        	at org.testng.SuiteRunnerWorker.runSuite(SuiteRunnerWorker.java:52)
                        	at org.testng.SuiteRunnerWorker.run(SuiteRunnerWorker.java:86)
                        	at org.testng.TestNG.runSuitesSequentially(TestNG.java:1224)
                        	at org.testng.TestNG.runSuitesLocally(TestNG.java:1149)
                        	at org.testng.TestNG.run(TestNG.java:1057)
                        	at org.apache.maven.surefire.testng.TestNGExecutor.run(TestNGExecutor.java:281)
                        	at org.apache.maven.surefire.testng.TestNGXmlTestSuite.execute(TestNGXmlTestSuite.java:75)
                        	at org.apache.maven.surefire.testng.TestNGProvider.invoke(TestNGProvider.java:121)
                        	at org.apache.maven.surefire.booter.ForkedBooter.invokeProviderInSameClassLoader(ForkedBooter.java:290)
                        	at org.apache.maven.surefire.booter.ForkedBooter.runSuitesInProcess(ForkedBooter.java:242)
                        	at org.apache.maven.surefire.booter.ForkedBooter.main(ForkedBooter.java:121)
                        nnFailure 3 of 4:norg.openqa.selenium.TimeoutException: Expected condition failed: waiting for presence of element located
                        by: By.xpath: .//*[@id='Pavarotti'] (tried for 10 second(s) with 500 MILLISECONDS interval)
                        Build info: version: '3.0.1', revision: '1969d75', time: '2016-10-18 09:49:13 -0700'
                        System info: host: 'amir-HP-Pavilion-15-Notebook-PC', ip: '127.0.1.1', os.name: 'Linux', os.arch: 'amd64', os.version: '4.4.0-21-generic',
                        java.version: '1.8.0_121'
                        Driver info: org.openqa.selenium.chrome.ChromeDriver
                        Capabilities [{applicationCacheEnabled=false, rotatable=false, mobileEmulationEnabled=false, networkConnectionEnabled=false,
                        chrome={chromedriverVersion=2.27.440175 (9bc1d90b8bfa4dd181fbbf769a5eb5e575574320), userDataDir=/tmp/.org.chromium.Chromium.zfpH5Y},
                        takesHeapSnapshot=true, pageLoadStrategy=normal, databaseEnabled=false, handlesAlerts=true, hasTouchScreen=false, version=57.0.2987.110,
                        platform=LINUX, browserConnectionEnabled=false, nativeEvents=true, acceptSslCerts=true, locationContextEnabled=true, webStorageEnabled=true,
                        browserName=chrome, takesScreenshot=true, javascriptEnabled=true, cssSelectorsEnabled=true, unexpectedAlertBehaviour=}]
                        Session ID: 5c55d5c24740a7b5a2f8d790d2384bc0
                        	at org.openqa.selenium.support.ui.WebDriverWait.timeoutException(WebDriverWait.java:80)
                        	at org.openqa.selenium.support.ui.FluentWait.until(FluentWait.java:265)
                        	at shopizer.seleniumCommonFunctions.SeleniumCommon.getPresentElement(SeleniumCommon.java:617)
                        	at shopizer.businessFunctions.AppFunctions.playMovie(AppFunctions.java:221)
                        	at shopizer.PageSteps.VideoPageTest.TC_001_verify_video_streaming(VideoPageTest.java:38)
                        	at sun.reflect.NativeMethodAccessorImpl.invoke0(Native Method)
                        	at sun.reflect.NativeMethodAccessorImpl.invoke(NativeMethodAccessorImpl.java:62)
                        	at sun.reflect.DelegatingMethodAccessorImpl.invoke(DelegatingMethodAccessorImpl.java:43)
                        	at java.lang.reflect.Method.invoke(Method.java:498)
                        	at org.testng.internal.MethodInvocationHelper.invokeMethod(MethodInvocationHelper.java:85)
                        	at org.testng.internal.Invoker.invokeMethod(Invoker.java:696)
                        	at org.testng.internal.Invoker.invokeTestMethod(Invoker.java:882)
                        	at org.testng.internal.Invoker.invokeTestMethods(Invoker.java:1189)
                        	at org.testng.internal.TestMethodWorker.invokeTestMethods(TestMethodWorker.java:124)
                        	at org.testng.internal.TestMethodWorker.run(TestMethodWorker.java:108)
                        	at org.testng.TestRunner.privateRun(TestRunner.java:767)
                        	at org.testng.TestRunner.run(TestRunner.java:617)
                        	at org.testng.SuiteRunner.runTest(SuiteRunner.java:348)
                        	at org.testng.SuiteRunner.runSequentially(SuiteRunner.java:343)
                        	at org.testng.SuiteRunner.privateRun(SuiteRunner.java:305)
                        	at org.testng.SuiteRunner.run(SuiteRunner.java:254)
                        	at org.testng.SuiteRunnerWorker.runSuite(SuiteRunnerWorker.java:52)
                        	at org.testng.SuiteRunnerWorker.run(SuiteRunnerWorker.java:86)
                        	at org.testng.TestNG.runSuitesSequentially(TestNG.java:1224)
                        	at org.testng.TestNG.runSuitesLocally(TestNG.java:1149)
                        	at org.testng.TestNG.run(TestNG.java:1057)
                        	at org.apache.maven.surefire.testng.TestNGExecutor.run(TestNGExecutor.java:281)
                        	at org.apache.maven.surefire.testng.TestNGXmlTestSuite.execute(TestNGXmlTestSuite.java:75)
                        	at org.apache.maven.surefire.testng.TestNGProvider.invoke(TestNGProvider.java:121)
                        	at org.apache.maven.surefire.booter.ForkedBooter.invokeProviderInSameClassLoader(ForkedBooter.java:290)
                        	at org.apache.maven.surefire.booter.ForkedBooter.runSuitesInProcess(ForkedBooter.java:242)
                        	at org.apache.maven.surefire.booter.ForkedBooter.main(ForkedBooter.java:121)
                        Caused by: org.openqa.selenium.NoSuchElementException: no such element: Unable to locate element: {"method":"xpath","selector":".//*[@id='Pavarotti']"}
                        (Session info: chrome=57.0.2987.110)
                        (Driver info: chromedriver=2.27.440175 (9bc1d90b8bfa4dd181fbbf769a5eb5e575574320),platform=Linux 4.4.0-21-generic x86_64)
                        (WARNING: The server did not provide any stacktrace information)
                        Command duration or timeout: 10.07 seconds
                        For documentation on this error, please visit: http://seleniumhq.org/exceptions/no_such_element.html
                        Build info: version: '3.0.1', revision: '1969d75', time: '2016-10-18 09:49:13 -0700'
                        System info: host: 'amir-HP-Pavilion-15-Notebook-PC', ip: '127.0.1.1', os.name: 'Linux', os.arch: 'amd64', os.version: '4.4.0-21-generic',
                        java.version: '1.8.0_121'
                        Driver info: org.openqa.selenium.chrome.ChromeDriver
                        Capabilities [{applicationCacheEnabled=false, rotatable=false, mobileEmulationEnabled=false, networkConnectionEnabled=false,
                        chrome={chromedriverVersion=2.27.440175 (9bc1d90b8bfa4dd181fbbf769a5eb5e575574320), userDataDir=/tmp/.org.chromium.Chromium.zfpH5Y},
                        takesHeapSnapshot=true, pageLoadStrategy=normal, databaseEnabled=false, handlesAlerts=true, hasTouchScreen=false, version=57.0.2987.110,
                        platform=LINUX, browserConnectionEnabled=false, nativeEvents=true, acceptSslCerts=true, locationContextEnabled=true, webStorageEnabled=true,
                        browserName=chrome, takesScreenshot=true, javascriptEnabled=true, cssSelectorsEnabled=true, unexpectedAlertBehaviour=}]
                        Session ID: 5c55d5c24740a7b5a2f8d790d2384bc0
                        *** Element info: {Using=xpath, value=.//*[@id='Pavarotti']}
                        	at sun.reflect.NativeConstructorAccessorImpl.newInstance0(Native Method)
                        	at sun.reflect.NativeConstructorAccessorImpl.newInstance(NativeConstructorAccessorImpl.java:62)
                        	at sun.reflect.DelegatingConstructorAccessorImpl.newInstance(DelegatingConstructorAccessorImpl.java:45)
                        	at java.lang.reflect.Constructor.newInstance(Constructor.java:423)
                        	at org.openqa.selenium.remote.ErrorHandler.createThrowable(ErrorHandler.java:216)
                        	at org.openqa.selenium.remote.ErrorHandler.throwIfResponseFailed(ErrorHandler.java:168)
                        	at org.openqa.selenium.remote.RemoteWebDriver.execute(RemoteWebDriver.java:635)
                        	at org.openqa.selenium.remote.RemoteWebDriver.findElement(RemoteWebDriver.java:368)
                        	at org.openqa.selenium.remote.RemoteWebDriver.findElementByXPath(RemoteWebDriver.java:473)
                        	at org.openqa.selenium.By$ByXPath.findElement(By.java:361)
                        	at org.openqa.selenium.remote.RemoteWebDriver.findElement(RemoteWebDriver.java:360)
                        	at org.openqa.selenium.support.ui.ExpectedConditions.findElement(ExpectedConditions.java:895)
                        	at org.openqa.selenium.support.ui.ExpectedConditions.access$000(ExpectedConditions.java:41)
                        	at org.openqa.selenium.support.ui.ExpectedConditions$6.apply(ExpectedConditions.java:181)
                        	at org.openqa.selenium.support.ui.ExpectedConditions$6.apply(ExpectedConditions.java:178)
                        	at org.openqa.selenium.support.ui.FluentWait.until(FluentWait.java:238)
                        	... 30 more
                        nnFailure 4 of 4:njava.lang.NullPointerException
                        	at shopizer.businessFunctions.AppFunctions.playMovie(AppFunctions.java:224)
                        	at shopizer.PageSteps.VideoPageTest.TC_001_verify_video_streaming(VideoPageTest.java:38)
                        	at sun.reflect.NativeMethodAccessorImpl.invoke0(Native Method)
                        	at sun.reflect.NativeMethodAccessorImpl.invoke(NativeMethodAccessorImpl.java:62)
                        	at sun.reflect.DelegatingMethodAccessorImpl.invoke(DelegatingMethodAccessorImpl.java:43)
                        	at java.lang.reflect.Method.invoke(Method.java:498)
                        	at org.testng.internal.MethodInvocationHelper.invokeMethod(MethodInvocationHelper.java:85)
                        	at org.testng.internal.Invoker.invokeMethod(Invoker.java:696)
                        	at org.testng.internal.Invoker.invokeTestMethod(Invoker.java:882)
                        	at org.testng.internal.Invoker.invokeTestMethods(Invoker.java:1189)
                        	at org.testng.internal.TestMethodWorker.invokeTestMethods(TestMethodWorker.java:124)
                        	at org.testng.internal.TestMethodWorker.run(TestMethodWorker.java:108)
                        	at org.testng.TestRunner.privateRun(TestRunner.java:767)
                        	at org.testng.TestRunner.run(TestRunner.java:617)
                        	at org.testng.SuiteRunner.runTest(SuiteRunner.java:348)
                        	at org.testng.SuiteRunner.runSequentially(SuiteRunner.java:343)
                        	at org.testng.SuiteRunner.privateRun(SuiteRunner.java:305)
                        	at org.testng.SuiteRunner.run(SuiteRunner.java:254)
                        	at org.testng.SuiteRunnerWorker.runSuite(SuiteRunnerWorker.java:52)
                        	at org.testng.SuiteRunnerWorker.run(SuiteRunnerWorker.java:86)
                        	at org.testng.TestNG.runSuitesSequentially(TestNG.java:1224)
                        	at org.testng.TestNG.runSuitesLocally(TestNG.java:1149)
                        	at org.testng.TestNG.run(TestNG.java:1057)
                        	at org.apache.maven.surefire.testng.TestNGExecutor.run(TestNGExecutor.java:281)
                        	at org.apache.maven.surefire.testng.TestNGXmlTestSuite.execute(TestNGXmlTestSuite.java:75)
                        	at org.apache.maven.surefire.testng.TestNGProvider.invoke(TestNGProvider.java:121)
                        	at org.apache.maven.surefire.booter.ForkedBooter.invokeProviderInSameClassLoader(ForkedBooter.java:290)
                        	at org.apache.maven.surefire.booter.ForkedBooter.runSuitesInProcess(ForkedBooter.java:242)
                        	at org.apache.maven.surefire.booter.ForkedBooter.main(ForkedBooter.java:121)
                     </pre>
                  </div>
               </td>
            </tr>
            <tr id="shopizer.PageSteps.VideoPageTest_closeBrowserName_byClass_PASS3_row"
                class="testMethodStatusPASS testMethodStatusCONF">
               <td width="100%" class="firstMethodCell">
                  <a onclick="toggleDetailsVisibility('shopizer.PageSteps.VideoPageTest_closeBrowserName_byClass_PASS3_details')">closeBrowserName()</a>
               </td>
               <td nowrap="true">20:43:31</td>
               <td nowrap="true" align="right">199 ms
                  
               </td>
               <td nowrap="true">
                   
                  
               </td>
            </tr>
            <tr>
               <td colspan="4" class="detailsBox">
                  <div id="shopizer.PageSteps.VideoPageTest_closeBrowserName_byClass_PASS3_details"
                       class="testMethodDetails">
                     <div>
                        <b>Name: </b>closeBrowserName
                     </div>
                     <div>
                        <b>Signature: </b>closeBrowserName()[pri:0, instance:shopizer.PageSteps.VideoPageTest@5f2050f6]
                     </div>
                     <div>
                        <b>Start time: </b>20:43:31
                     </div>
                     <div>
                        <b>End time: </b>20:43:32
                     </div>
                     <div>
                        <b>Duration: </b>199 ms
                        
                     </div>
                  </div>
               </td>
            </tr>
            <tr></tr>
         </table>
         <br></br>
      </div>
      <div style="margin-top: 15px; color: gray; text-align: center; font-size: 9px;">
         Generated with
         
         <a href="http://code.google.com/p/testng-xslt/" style="color: #8888aa;"
            target="_blank">
            TestNG XSLT
            
         </a>
      </div>
   </body>
</html>