<!DOCTYPE html PUBLIC "-//W3C//DTD XHTML 1.1//EN" "http://www.w3.org/TR/xhtml11/DTD/xhtml11.dtd">
<html xmlns="http://www.w3.org/1999/xhtml"><head><title>TestNG Report</title><style type="text/css">table {margin-bottom:10px;border-collapse:collapse;empty-cells:show}th,td {border:1px solid #009;padding:.25em .5em}th {vertical-align:bottom}td {vertical-align:top}table a {font-weight:bold}.stripe td {background-color: #E6EBF9}.num {text-align:right}.passedodd td {background-color: #3F3}.passedeven td {background-color: #0A0}.skippedodd td {background-color: #DDD}.skippedeven td {background-color: #CCC}.failedodd td,.attn {background-color: #F33}.failedeven td,.stripe .attn {background-color: #D00}.stacktrace {white-space:pre;font-family:monospace}.totop {font-size:85%;text-align:center;border-bottom:2px solid #000}</style></head><body><table><tr><th>Test</th><th># Passed</th><th># Skipped</th><th># Failed</th><th>Time (ms)</th><th>Included Groups</th><th>Excluded Groups</th></tr><tr><th colspan="7">Default suite</th></tr><tr><td><a href="#t0">Default test</a></td><td class="num">17</td><td class="num">0</td><td class="num attn">2</td><td class="num">407,596</td><td></td><td></td></tr></table><table><thead><tr><th>Class</th><th>Method</th><th>Start</th><th>Time (ms)</th></tr></thead><tbody><tr><th colspan="4">Default suite</th></tr></tbody><tbody id="t0"><tr><th colspan="4">Default test &#8212; failed</th></tr><tr class="failedeven"><td rowspan="2">shopizer.PageSteps.ComputerBooksPageTest</td><td><a href="#m0">TC_001_Verify_Search_ByName</a></td><td rowspan="1">1490003686748</td><td rowspan="1">3349</td></tr><tr class="failedeven"><td><a href="#m1">TC_002_Verify_Search_ByPrice</a></td><td rowspan="1">1490003690107</td><td rowspan="1">2999</td></tr><tr><th colspan="4">Default test &#8212; passed</th></tr><tr class="passedeven"><td rowspan="7">shopizer.PageSteps.BusinessPageTest</td><td><a href="#m2">TC_002_Verify_Search_ByPrice</a></td><td rowspan="1">1490003858867</td><td rowspan="1">2653</td></tr><tr class="passedeven"><td><a href="#m3">TC_003_Verify_Search_By_entering_min_max_price</a></td><td rowspan="1">1490003861527</td><td rowspan="1">24860</td></tr><tr class="passedeven"><td><a href="#m4">TC_004_Verify_ItemOrder_Completion</a></td><td rowspan="1">1490003886390</td><td rowspan="1">44982</td></tr><tr class="passedeven"><td><a href="#m5">TC_005_Verify_publisherLink</a></td><td rowspan="1">1490003931375</td><td rowspan="1">1834</td></tr><tr class="passedeven"><td><a href="#m6">TC_006_Verify_AllPublisherLink</a></td><td rowspan="1">1490003933211</td><td rowspan="1">640</td></tr><tr class="passedeven"><td><a href="#m7">TC_007_Verify_facebook_share_link</a></td><td rowspan="1">1490003933853</td><td rowspan="1">12048</td></tr><tr class="passedeven"><td><a href="#m8">TC_01_Verify_Book_Search_ByName</a></td><td rowspan="1">1490003945905</td><td rowspan="1">118</td></tr><tr class="passedodd"><td rowspan="4">shopizer.PageSteps.ComputerBooksPageTest</td><td><a href="#m9">TC_003_Verify_Search_By_entering_min_max_price</a></td><td rowspan="1">1490003693113</td><td rowspan="1">25567</td></tr><tr class="passedodd"><td><a href="#m10">TC_004_Verify_ItemOrder_Completion</a></td><td rowspan="1">1490003718688</td><td rowspan="1">44298</td></tr><tr class="passedodd"><td><a href="#m11">TC_005_Verify_publisherLink</a></td><td rowspan="1">1490003762996</td><td rowspan="1">2045</td></tr><tr class="passedodd"><td><a href="#m12">TC_006_Verify_AllPublisherLink</a></td><td rowspan="1">1490003765063</td><td rowspan="1">760</td></tr><tr class="passedeven"><td rowspan="1">shopizer.PageSteps.ContactPageTest</td><td><a href="#m13">TC_001_Verify_That_UserCan_sent_query_on_ContactUs_Page</a></td><td rowspan="1">1490003813328</td><td rowspan="1">45536</td></tr><tr class="passedodd"><td rowspan="1">shopizer.PageSteps.LoginSteps</td><td><a href="#m14">loginTest</a></td><td rowspan="1">1490003801362</td><td rowspan="1">11963</td></tr><tr class="passedeven"><td rowspan="2">shopizer.PageSteps.OrderReviewTest</td><td><a href="#m15">TC_01_Verify_that_item_added_to_cart</a></td><td rowspan="1">1490003636755</td><td rowspan="1">23461</td></tr><tr class="passedeven"><td><a href="#m16">TC_02_VerifyThat_Item_is_removed_from_cart</a></td><td rowspan="1">1490003660223</td><td rowspan="1">26518</td></tr><tr class="passedodd"><td rowspan="1">shopizer.PageSteps.RegistrationTest</td><td><a href="#m17">userRegistration</a></td><td rowspan="1">1490003765841</td><td rowspan="1">8961</td></tr><tr class="passedeven"><td rowspan="1">shopizer.PageSteps.VideoPageTest</td><td><a href="#m18">TC_001_verify_video_streaming</a></td><td rowspan="1">1490003774833</td><td rowspan="1">26526</td></tr></tbody></table><h2>Default test</h2><h3 id="m0">shopizer.PageSteps.ComputerBooksPageTest#TC_001_Verify_Search_ByName</h3><table class="result"><tr class="param"><th>Parameter #1</th><th>Parameter #2</th></tr><tr class="param stripe"><td>SORTFILTER</td><td>Name</td></tr><tr><th colspan="2">Exception</th></tr><tr><td colspan="2"><div class="stacktrace">java.lang.AssertionError: expected [true] but found [false]
	at org.testng.Assert.fail(Assert.java:94)
	at org.testng.Assert.failNotEquals(Assert.java:494)
	at org.testng.Assert.assertTrue(Assert.java:42)
	at org.testng.Assert.assertTrue(Assert.java:52)
	at shopizer.PageSteps.ComputerBooksPageTest.TC_001_Verify_Search_ByName(ComputerBooksPageTest.java:66)
	at sun.reflect.NativeMethodAccessorImpl.invoke0(Native Method)
	at sun.reflect.NativeMethodAccessorImpl.invoke(NativeMethodAccessorImpl.java:62)
	at sun.reflect.DelegatingMethodAccessorImpl.invoke(DelegatingMethodAccessorImpl.java:43)
	at java.lang.reflect.Method.invoke(Method.java:498)
	at org.testng.internal.MethodInvocationHelper.invokeMethod(MethodInvocationHelper.java:85)
	at org.testng.internal.Invoker.invokeMethod(Invoker.java:696)
	at org.testng.internal.Invoker.invokeTestMethod(Invoker.java:882)
	at org.testng.internal.Invoker.invokeTestMethods(Invoker.java:1189)
	at org.testng.internal.TestMethodWorker.invokeTestMethods(TestMethodWorker.java:124)
	at org.testng.internal.TestMethodWorker.run(TestMethodWorker.java:108)
	at org.testng.TestRunner.privateRun(TestRunner.java:767)
	at org.testng.TestRunner.run(TestRunner.java:617)
	at org.testng.SuiteRunner.runTest(SuiteRunner.java:348)
	at org.testng.SuiteRunner.runSequentially(SuiteRunner.java:343)
	at org.testng.SuiteRunner.privateRun(SuiteRunner.java:305)
	at org.testng.SuiteRunner.run(SuiteRunner.java:254)
	at org.testng.SuiteRunnerWorker.runSuite(SuiteRunnerWorker.java:52)
	at org.testng.SuiteRunnerWorker.run(SuiteRunnerWorker.java:86)
	at org.testng.TestNG.runSuitesSequentially(TestNG.java:1224)
	at org.testng.TestNG.runSuitesLocally(TestNG.java:1149)
	at org.testng.TestNG.run(TestNG.java:1057)
	at org.testng.remote.AbstractRemoteTestNG.run(AbstractRemoteTestNG.java:132)
	at org.testng.remote.RemoteTestNG.initAndRun(RemoteTestNG.java:230)
	at org.testng.remote.RemoteTestNG.main(RemoteTestNG.java:76)
</div></td></tr></table><p class="totop"><a href="#summary">back to summary</a></p><h3 id="m1">shopizer.PageSteps.ComputerBooksPageTest#TC_002_Verify_Search_ByPrice</h3><table class="result"><tr class="param"><th>Parameter #1</th><th>Parameter #2</th></tr><tr class="param stripe"><td>SORTFILTER</td><td>Price</td></tr><tr><th colspan="2">Exception</th></tr><tr><td colspan="2"><div class="stacktrace">java.lang.AssertionError: expected [true] but found [false]
	at org.testng.Assert.fail(Assert.java:94)
	at org.testng.Assert.failNotEquals(Assert.java:494)
	at org.testng.Assert.assertTrue(Assert.java:42)
	at org.testng.Assert.assertTrue(Assert.java:52)
	at shopizer.PageSteps.ComputerBooksPageTest.TC_002_Verify_Search_ByPrice(ComputerBooksPageTest.java:87)
	at sun.reflect.NativeMethodAccessorImpl.invoke0(Native Method)
	at sun.reflect.NativeMethodAccessorImpl.invoke(NativeMethodAccessorImpl.java:62)
	at sun.reflect.DelegatingMethodAccessorImpl.invoke(DelegatingMethodAccessorImpl.java:43)
	at java.lang.reflect.Method.invoke(Method.java:498)
	at org.testng.internal.MethodInvocationHelper.invokeMethod(MethodInvocationHelper.java:85)
	at org.testng.internal.Invoker.invokeMethod(Invoker.java:696)
	at org.testng.internal.Invoker.invokeTestMethod(Invoker.java:882)
	at org.testng.internal.Invoker.invokeTestMethods(Invoker.java:1189)
	at org.testng.internal.TestMethodWorker.invokeTestMethods(TestMethodWorker.java:124)
	at org.testng.internal.TestMethodWorker.run(TestMethodWorker.java:108)
	at org.testng.TestRunner.privateRun(TestRunner.java:767)
	at org.testng.TestRunner.run(TestRunner.java:617)
	at org.testng.SuiteRunner.runTest(SuiteRunner.java:348)
	at org.testng.SuiteRunner.runSequentially(SuiteRunner.java:343)
	at org.testng.SuiteRunner.privateRun(SuiteRunner.java:305)
	at org.testng.SuiteRunner.run(SuiteRunner.java:254)
	at org.testng.SuiteRunnerWorker.runSuite(SuiteRunnerWorker.java:52)
	at org.testng.SuiteRunnerWorker.run(SuiteRunnerWorker.java:86)
	at org.testng.TestNG.runSuitesSequentially(TestNG.java:1224)
	at org.testng.TestNG.runSuitesLocally(TestNG.java:1149)
	at org.testng.TestNG.run(TestNG.java:1057)
	at org.testng.remote.AbstractRemoteTestNG.run(AbstractRemoteTestNG.java:132)
	at org.testng.remote.RemoteTestNG.initAndRun(RemoteTestNG.java:230)
	at org.testng.remote.RemoteTestNG.main(RemoteTestNG.java:76)
</div></td></tr></table><p class="totop"><a href="#summary">back to summary</a></p><h3 id="m2">shopizer.PageSteps.BusinessPageTest#TC_002_Verify_Search_ByPrice</h3><table class="result"><tr class="param"><th>Parameter #1</th><th>Parameter #2</th></tr><tr class="param stripe"><td>SORTFILTER</td><td>Price</td></tr></table><p class="totop"><a href="#summary">back to summary</a></p><h3 id="m3">shopizer.PageSteps.BusinessPageTest#TC_003_Verify_Search_By_entering_min_max_price</h3><table class="result"><tr class="param"><th>Parameter #1</th><th>Parameter #2</th><th>Parameter #3</th><th>Parameter #4</th></tr><tr class="param stripe"><td>SORTFILTER</td><td>Price</td><td>15</td><td>40</td></tr></table><p class="totop"><a href="#summary">back to summary</a></p><h3 id="m4">shopizer.PageSteps.BusinessPageTest#TC_004_Verify_ItemOrder_Completion</h3><table class="result"><tr class="param"><th>Parameter #1</th><th>Parameter #2</th></tr><tr class="param stripe"><td>The Big Switch</td><td>1001</td></tr></table><p class="totop"><a href="#summary">back to summary</a></p><h3 id="m5">shopizer.PageSteps.BusinessPageTest#TC_005_Verify_publisherLink</h3><table class="result"><tr class="param"><th>Parameter #1</th></tr><tr class="param stripe"><td>Novells publishing</td></tr></table><p class="totop"><a href="#summary">back to summary</a></p><h3 id="m6">shopizer.PageSteps.BusinessPageTest#TC_006_Verify_AllPublisherLink</h3><table class="result"></table><p class="totop"><a href="#summary">back to summary</a></p><h3 id="m7">shopizer.PageSteps.BusinessPageTest#TC_007_Verify_facebook_share_link</h3><table class="result"><tr class="param"><th>Parameter #1</th></tr><tr class="param stripe"><td>The Big Switch</td></tr></table><p class="totop"><a href="#summary">back to summary</a></p><h3 id="m8">shopizer.PageSteps.BusinessPageTest#TC_01_Verify_Book_Search_ByName</h3><table class="result"><tr class="param"><th>Parameter #1</th><th>Parameter #2</th></tr><tr class="param stripe"><td>SORTFILTER</td><td>Name</td></tr></table><p class="totop"><a href="#summary">back to summary</a></p><h3 id="m9">shopizer.PageSteps.ComputerBooksPageTest#TC_003_Verify_Search_By_entering_min_max_price</h3><table class="result"><tr class="param"><th>Parameter #1</th><th>Parameter #2</th><th>Parameter #3</th><th>Parameter #4</th></tr><tr class="param stripe"><td>SORTFILTER</td><td>Price</td><td>20</td><td>40</td></tr></table><p class="totop"><a href="#summary">back to summary</a></p><h3 id="m10">shopizer.PageSteps.ComputerBooksPageTest#TC_004_Verify_ItemOrder_Completion</h3><table class="result"><tr class="param"><th>Parameter #1</th><th>Parameter #2</th></tr><tr class="param stripe"><td>Node Web Development</td><td>1001</td></tr></table><p class="totop"><a href="#summary">back to summary</a></p><h3 id="m11">shopizer.PageSteps.ComputerBooksPageTest#TC_005_Verify_publisherLink</h3><table class="result"><tr class="param"><th>Parameter #1</th></tr><tr class="param stripe"><td>Sams</td></tr></table><p class="totop"><a href="#summary">back to summary</a></p><h3 id="m12">shopizer.PageSteps.ComputerBooksPageTest#TC_006_Verify_AllPublisherLink</h3><table class="result"></table><p class="totop"><a href="#summary">back to summary</a></p><h3 id="m13">shopizer.PageSteps.ContactPageTest#TC_001_Verify_That_UserCan_sent_query_on_ContactUs_Page</h3><table class="result"></table><p class="totop"><a href="#summary">back to summary</a></p><h3 id="m14">shopizer.PageSteps.LoginSteps#loginTest</h3><table class="result"></table><p class="totop"><a href="#summary">back to summary</a></p><h3 id="m15">shopizer.PageSteps.OrderReviewTest#TC_01_Verify_that_item_added_to_cart</h3><table class="result"><tr class="param"><th>Parameter #1</th></tr><tr class="param stripe"><td>Node Web Development</td></tr></table><p class="totop"><a href="#summary">back to summary</a></p><h3 id="m16">shopizer.PageSteps.OrderReviewTest#TC_02_VerifyThat_Item_is_removed_from_cart</h3><table class="result"><tr class="param"><th>Parameter #1</th></tr><tr class="param stripe"><td>Node Web Development</td></tr></table><p class="totop"><a href="#summary">back to summary</a></p><h3 id="m17">shopizer.PageSteps.RegistrationTest#userRegistration</h3><table class="result"><tr class="param"><th>Parameter #1</th><th>Parameter #2</th><th>Parameter #3</th><th>Parameter #4</th><th>Parameter #5</th><th>Parameter #6</th><th>Parameter #7</th><th>Parameter #8</th></tr><tr class="param stripe"><td>Gill</td><td>Sing</td><td>Male</td><td>United States</td><td>Iowa</td><td>gill16</td><td>amir@abc.com</td><td>gill16</td></tr></table><p class="totop"><a href="#summary">back to summary</a></p><h3 id="m18">shopizer.PageSteps.VideoPageTest#TC_001_verify_video_streaming</h3><table class="result"></table><p class="totop"><a href="#summary">back to summary</a></p></body></html>