<html>
<head>
<title>TestNG:  Default test</title>
<link href="../testng.css" rel="stylesheet" type="text/css" />
<link href="../my-testng.css" rel="stylesheet" type="text/css" />

<style type="text/css">
.log { display: none;} 
.stack-trace { display: none;} 
</style>
<script type="text/javascript">
<!--
function flip(e) {
  current = e.style.display;
  if (current == 'block') {
    e.style.display = 'none';
    return 0;
  }
  else {
    e.style.display = 'block';
    return 1;
  }
}

function toggleBox(szDivId, elem, msg1, msg2)
{
  var res = -1;  if (document.getElementById) {
    res = flip(document.getElementById(szDivId));
  }
  else if (document.all) {
    // this is the way old msie versions work
    res = flip(document.all[szDivId]);
  }
  if(elem) {
    if(res == 0) elem.innerHTML = msg1; else elem.innerHTML = msg2;
  }

}

function toggleAllBoxes() {
  if (document.getElementsByTagName) {
    d = document.getElementsByTagName('div');
    for (i = 0; i < d.length; i++) {
      if (d[i].className == 'log') {
        flip(d[i]);
      }
    }
  }
}

// -->
</script>

</head>
<body>
<h2 align='center'>Default test</h2><table border='1' align="center">
<tr>
<td>Tests passed/Failed/Skipped:</td><td>17/2/0</td>
</tr><tr>
<td>Started on:</td><td>Mon Mar 20 10:52:34 CET 2017</td>
</tr>
<tr><td>Total time:</td><td>407 seconds (407596 ms)</td>
</tr><tr>
<td>Included groups:</td><td></td>
</tr><tr>
<td>Excluded groups:</td><td></td>
</tr>
</table><p/>
<small><i>(Hover the method name to see the test class name)</i></small><p/>
<table width='100%' border='1' class='invocation-failed'>
<tr><td colspan='4' align='center'><b>FAILED TESTS</b></td></tr>
<tr><td><b>Test method</b></td>
<td width="30%"><b>Exception</b></td>
<td width="10%"><b>Time (seconds)</b></td>
<td><b>Instance</b></td>
</tr>
<tr>
<td title='shopizer.PageSteps.ComputerBooksPageTest.TC_001_Verify_Search_ByName()'><b>TC_001_Verify_Search_ByName</b><br>Test class: shopizer.PageSteps.ComputerBooksPageTest<br>Parameters: SORTFILTER, Name</td>
<td><div><pre>java.lang.AssertionError: expected [true] but found [false]
	at org.testng.Assert.fail(Assert.java:94)
	at org.testng.Assert.failNotEquals(Assert.java:494)
	at org.testng.Assert.assertTrue(Assert.java:42)
	at org.testng.Assert.assertTrue(Assert.java:52)
	at shopizer.PageSteps.ComputerBooksPageTest.TC_001_Verify_Search_ByName(ComputerBooksPageTest.java:66)
	at sun.reflect.NativeMethodAccessorImpl.invoke0(Native Method)
	at sun.reflect.NativeMethodAccessorImpl.invoke(NativeMethodAccessorImpl.java:62)
	at sun.reflect.DelegatingMethodAccessorImpl.invoke(DelegatingMethodAccessorImpl.java:43)
	at java.lang.reflect.Method.invoke(Method.java:498)
	at org.testng.internal.MethodInvocationHelper.invokeMethod(MethodInvocationHelper.java:85)
	at org.testng.internal.Invoker.invokeMethod(Invoker.java:696)
	at org.testng.internal.Invoker.invokeTestMethod(Invoker.java:882)
	at org.testng.internal.Invoker.invokeTestMethods(Invoker.java:1189)
	at org.testng.internal.TestMethodWorker.invokeTestMethods(TestMethodWorker.java:124)
	at org.testng.internal.TestMethodWorker.run(TestMethodWorker.java:108)
	at org.testng.TestRunner.privateRun(TestRunner.java:767)
	at org.testng.TestRunner.run(TestRunner.java:617)
	at org.testng.SuiteRunner.runTest(SuiteRunner.java:348)
	at org.testng.SuiteRunner.runSequentially(SuiteRunner.java:343)
	at org.testng.SuiteRunner.privateRun(SuiteRunner.java:305)
	at org.testng.SuiteRunner.run(SuiteRunner.java:254)
	at org.testng.SuiteRunnerWorker.runSuite(SuiteRunnerWorker.java:52)
	at org.testng.SuiteRunnerWorker.run(SuiteRunnerWorker.java:86)
	at org.testng.TestNG.runSuitesSequentially(TestNG.java:1224)
	at org.testng.TestNG.runSuitesLocally(TestNG.java:1149)
	at org.testng.TestNG.run(TestNG.java:1057)
	at org.testng.remote.AbstractRemoteTestNG.run(AbstractRemoteTestNG.java:132)
	at org.testng.remote.RemoteTestNG.initAndRun(RemoteTestNG.java:230)
	at org.testng.remote.RemoteTestNG.main(RemoteTestNG.java:76)
</pre></div><a href='#' onClick='toggleBox("stack-trace839289583", this, "Click to show all stack frames", "Click to hide stack frames")'>Click to show all stack frames</a>
<div class='stack-trace' id='stack-trace839289583'><pre>java.lang.AssertionError: expected [true] but found [false]
	at org.testng.Assert.fail(Assert.java:94)
	at org.testng.Assert.failNotEquals(Assert.java:494)
	at org.testng.Assert.assertTrue(Assert.java:42)
	at org.testng.Assert.assertTrue(Assert.java:52)
	at shopizer.PageSteps.ComputerBooksPageTest.TC_001_Verify_Search_ByName(ComputerBooksPageTest.java:66)
	at sun.reflect.NativeMethodAccessorImpl.invoke0(Native Method)
	at sun.reflect.NativeMethodAccessorImpl.invoke(NativeMethodAccessorImpl.java:62)
	at sun.reflect.DelegatingMethodAccessorImpl.invoke(DelegatingMethodAccessorImpl.java:43)
	at java.lang.reflect.Method.invoke(Method.java:498)
	at org.testng.internal.MethodInvocationHelper.invokeMethod(MethodInvocationHelper.java:85)
	at org.testng.internal.Invoker.invokeMethod(Invoker.java:696)
	at org.testng.internal.Invoker.invokeTestMethod(Invoker.java:882)
	at org.testng.internal.Invoker.invokeTestMethods(Invoker.java:1189)
	at org.testng.internal.TestMethodWorker.invokeTestMethods(TestMethodWorker.java:124)
	at org.testng.internal.TestMethodWorker.run(TestMethodWorker.java:108)
	at org.testng.TestRunner.privateRun(TestRunner.java:767)
	at org.testng.TestRunner.run(TestRunner.java:617)
	at org.testng.SuiteRunner.runTest(SuiteRunner.java:348)
	at org.testng.SuiteRunner.runSequentially(SuiteRunner.java:343)
	at org.testng.SuiteRunner.privateRun(SuiteRunner.java:305)
	at org.testng.SuiteRunner.run(SuiteRunner.java:254)
	at org.testng.SuiteRunnerWorker.runSuite(SuiteRunnerWorker.java:52)
	at org.testng.SuiteRunnerWorker.run(SuiteRunnerWorker.java:86)
	at org.testng.TestNG.runSuitesSequentially(TestNG.java:1224)
	at org.testng.TestNG.runSuitesLocally(TestNG.java:1149)
	at org.testng.TestNG.run(TestNG.java:1057)
	at org.testng.remote.AbstractRemoteTestNG.run(AbstractRemoteTestNG.java:132)
	at org.testng.remote.RemoteTestNG.initAndRun(RemoteTestNG.java:230)
	at org.testng.remote.RemoteTestNG.main(RemoteTestNG.java:76)
</pre></div></td>
<td>3</td>
<td>shopizer.PageSteps.ComputerBooksPageTest@122d6c22</td></tr>
<tr>
<td title='shopizer.PageSteps.ComputerBooksPageTest.TC_002_Verify_Search_ByPrice()'><b>TC_002_Verify_Search_ByPrice</b><br>Test class: shopizer.PageSteps.ComputerBooksPageTest<br>Parameters: SORTFILTER, Price</td>
<td><div><pre>java.lang.AssertionError: expected [true] but found [false]
	at org.testng.Assert.fail(Assert.java:94)
	at org.testng.Assert.failNotEquals(Assert.java:494)
	at org.testng.Assert.assertTrue(Assert.java:42)
	at org.testng.Assert.assertTrue(Assert.java:52)
	at shopizer.PageSteps.ComputerBooksPageTest.TC_002_Verify_Search_ByPrice(ComputerBooksPageTest.java:87)
	at sun.reflect.NativeMethodAccessorImpl.invoke0(Native Method)
	at sun.reflect.NativeMethodAccessorImpl.invoke(NativeMethodAccessorImpl.java:62)
	at sun.reflect.DelegatingMethodAccessorImpl.invoke(DelegatingMethodAccessorImpl.java:43)
	at java.lang.reflect.Method.invoke(Method.java:498)
	at org.testng.internal.MethodInvocationHelper.invokeMethod(MethodInvocationHelper.java:85)
	at org.testng.internal.Invoker.invokeMethod(Invoker.java:696)
	at org.testng.internal.Invoker.invokeTestMethod(Invoker.java:882)
	at org.testng.internal.Invoker.invokeTestMethods(Invoker.java:1189)
	at org.testng.internal.TestMethodWorker.invokeTestMethods(TestMethodWorker.java:124)
	at org.testng.internal.TestMethodWorker.run(TestMethodWorker.java:108)
	at org.testng.TestRunner.privateRun(TestRunner.java:767)
	at org.testng.TestRunner.run(TestRunner.java:617)
	at org.testng.SuiteRunner.runTest(SuiteRunner.java:348)
	at org.testng.SuiteRunner.runSequentially(SuiteRunner.java:343)
	at org.testng.SuiteRunner.privateRun(SuiteRunner.java:305)
	at org.testng.SuiteRunner.run(SuiteRunner.java:254)
	at org.testng.SuiteRunnerWorker.runSuite(SuiteRunnerWorker.java:52)
	at org.testng.SuiteRunnerWorker.run(SuiteRunnerWorker.java:86)
	at org.testng.TestNG.runSuitesSequentially(TestNG.java:1224)
	at org.testng.TestNG.runSuitesLocally(TestNG.java:1149)
	at org.testng.TestNG.run(TestNG.java:1057)
	at org.testng.remote.AbstractRemoteTestNG.run(AbstractRemoteTestNG.java:132)
	at org.testng.remote.RemoteTestNG.initAndRun(RemoteTestNG.java:230)
	at org.testng.remote.RemoteTestNG.main(RemoteTestNG.java:76)
</pre></div><a href='#' onClick='toggleBox("stack-trace1786425861", this, "Click to show all stack frames", "Click to hide stack frames")'>Click to show all stack frames</a>
<div class='stack-trace' id='stack-trace1786425861'><pre>java.lang.AssertionError: expected [true] but found [false]
	at org.testng.Assert.fail(Assert.java:94)
	at org.testng.Assert.failNotEquals(Assert.java:494)
	at org.testng.Assert.assertTrue(Assert.java:42)
	at org.testng.Assert.assertTrue(Assert.java:52)
	at shopizer.PageSteps.ComputerBooksPageTest.TC_002_Verify_Search_ByPrice(ComputerBooksPageTest.java:87)
	at sun.reflect.NativeMethodAccessorImpl.invoke0(Native Method)
	at sun.reflect.NativeMethodAccessorImpl.invoke(NativeMethodAccessorImpl.java:62)
	at sun.reflect.DelegatingMethodAccessorImpl.invoke(DelegatingMethodAccessorImpl.java:43)
	at java.lang.reflect.Method.invoke(Method.java:498)
	at org.testng.internal.MethodInvocationHelper.invokeMethod(MethodInvocationHelper.java:85)
	at org.testng.internal.Invoker.invokeMethod(Invoker.java:696)
	at org.testng.internal.Invoker.invokeTestMethod(Invoker.java:882)
	at org.testng.internal.Invoker.invokeTestMethods(Invoker.java:1189)
	at org.testng.internal.TestMethodWorker.invokeTestMethods(TestMethodWorker.java:124)
	at org.testng.internal.TestMethodWorker.run(TestMethodWorker.java:108)
	at org.testng.TestRunner.privateRun(TestRunner.java:767)
	at org.testng.TestRunner.run(TestRunner.java:617)
	at org.testng.SuiteRunner.runTest(SuiteRunner.java:348)
	at org.testng.SuiteRunner.runSequentially(SuiteRunner.java:343)
	at org.testng.SuiteRunner.privateRun(SuiteRunner.java:305)
	at org.testng.SuiteRunner.run(SuiteRunner.java:254)
	at org.testng.SuiteRunnerWorker.runSuite(SuiteRunnerWorker.java:52)
	at org.testng.SuiteRunnerWorker.run(SuiteRunnerWorker.java:86)
	at org.testng.TestNG.runSuitesSequentially(TestNG.java:1224)
	at org.testng.TestNG.runSuitesLocally(TestNG.java:1149)
	at org.testng.TestNG.run(TestNG.java:1057)
	at org.testng.remote.AbstractRemoteTestNG.run(AbstractRemoteTestNG.java:132)
	at org.testng.remote.RemoteTestNG.initAndRun(RemoteTestNG.java:230)
	at org.testng.remote.RemoteTestNG.main(RemoteTestNG.java:76)
</pre></div></td>
<td>2</td>
<td>shopizer.PageSteps.ComputerBooksPageTest@122d6c22</td></tr>
</table><p>
<table width='100%' border='1' class='invocation-passed'>
<tr><td colspan='4' align='center'><b>PASSED TESTS</b></td></tr>
<tr><td><b>Test method</b></td>
<td width="30%"><b>Exception</b></td>
<td width="10%"><b>Time (seconds)</b></td>
<td><b>Instance</b></td>
</tr>
<tr>
<td title='shopizer.PageSteps.ContactPageTest.TC_001_Verify_That_UserCan_sent_query_on_ContactUs_Page()'><b>TC_001_Verify_That_UserCan_sent_query_on_ContactUs_Page</b><br>Test class: shopizer.PageSteps.ContactPageTest</td>
<td></td>
<td>45</td>
<td>shopizer.PageSteps.ContactPageTest@71a06021</td></tr>
<tr>
<td title='shopizer.PageSteps.VideoPageTest.TC_001_verify_video_streaming()'><b>TC_001_verify_video_streaming</b><br>Test class: shopizer.PageSteps.VideoPageTest</td>
<td></td>
<td>26</td>
<td>shopizer.PageSteps.VideoPageTest@895416d</td></tr>
<tr>
<td title='shopizer.PageSteps.BusinessPageTest.TC_002_Verify_Search_ByPrice()'><b>TC_002_Verify_Search_ByPrice</b><br>Test class: shopizer.PageSteps.BusinessPageTest<br>Parameters: SORTFILTER, Price</td>
<td></td>
<td>2</td>
<td>shopizer.PageSteps.BusinessPageTest@10dc7d6</td></tr>
<tr>
<td title='shopizer.PageSteps.ComputerBooksPageTest.TC_003_Verify_Search_By_entering_min_max_price()'><b>TC_003_Verify_Search_By_entering_min_max_price</b><br>Test class: shopizer.PageSteps.ComputerBooksPageTest<br>Parameters: SORTFILTER, Price, 20, 40</td>
<td></td>
<td>25</td>
<td>shopizer.PageSteps.ComputerBooksPageTest@122d6c22</td></tr>
<tr>
<td title='shopizer.PageSteps.BusinessPageTest.TC_003_Verify_Search_By_entering_min_max_price()'><b>TC_003_Verify_Search_By_entering_min_max_price</b><br>Test class: shopizer.PageSteps.BusinessPageTest<br>Parameters: SORTFILTER, Price, 15, 40</td>
<td></td>
<td>24</td>
<td>shopizer.PageSteps.BusinessPageTest@10dc7d6</td></tr>
<tr>
<td title='shopizer.PageSteps.ComputerBooksPageTest.TC_004_Verify_ItemOrder_Completion()'><b>TC_004_Verify_ItemOrder_Completion</b><br>Test class: shopizer.PageSteps.ComputerBooksPageTest<br>Parameters: Node Web Development, 1001</td>
<td></td>
<td>44</td>
<td>shopizer.PageSteps.ComputerBooksPageTest@122d6c22</td></tr>
<tr>
<td title='shopizer.PageSteps.BusinessPageTest.TC_004_Verify_ItemOrder_Completion()'><b>TC_004_Verify_ItemOrder_Completion</b><br>Test class: shopizer.PageSteps.BusinessPageTest<br>Parameters: The Big Switch, 1001</td>
<td></td>
<td>44</td>
<td>shopizer.PageSteps.BusinessPageTest@10dc7d6</td></tr>
<tr>
<td title='shopizer.PageSteps.ComputerBooksPageTest.TC_005_Verify_publisherLink()'><b>TC_005_Verify_publisherLink</b><br>Test class: shopizer.PageSteps.ComputerBooksPageTest<br>Parameters: Sams</td>
<td></td>
<td>2</td>
<td>shopizer.PageSteps.ComputerBooksPageTest@122d6c22</td></tr>
<tr>
<td title='shopizer.PageSteps.BusinessPageTest.TC_005_Verify_publisherLink()'><b>TC_005_Verify_publisherLink</b><br>Test class: shopizer.PageSteps.BusinessPageTest<br>Parameters: Novells publishing</td>
<td></td>
<td>1</td>
<td>shopizer.PageSteps.BusinessPageTest@10dc7d6</td></tr>
<tr>
<td title='shopizer.PageSteps.ComputerBooksPageTest.TC_006_Verify_AllPublisherLink()'><b>TC_006_Verify_AllPublisherLink</b><br>Test class: shopizer.PageSteps.ComputerBooksPageTest</td>
<td></td>
<td>0</td>
<td>shopizer.PageSteps.ComputerBooksPageTest@122d6c22</td></tr>
<tr>
<td title='shopizer.PageSteps.BusinessPageTest.TC_006_Verify_AllPublisherLink()'><b>TC_006_Verify_AllPublisherLink</b><br>Test class: shopizer.PageSteps.BusinessPageTest</td>
<td></td>
<td>0</td>
<td>shopizer.PageSteps.BusinessPageTest@10dc7d6</td></tr>
<tr>
<td title='shopizer.PageSteps.BusinessPageTest.TC_007_Verify_facebook_share_link()'><b>TC_007_Verify_facebook_share_link</b><br>Test class: shopizer.PageSteps.BusinessPageTest<br>Parameters: The Big Switch</td>
<td></td>
<td>12</td>
<td>shopizer.PageSteps.BusinessPageTest@10dc7d6</td></tr>
<tr>
<td title='shopizer.PageSteps.BusinessPageTest.TC_01_Verify_Book_Search_ByName()'><b>TC_01_Verify_Book_Search_ByName</b><br>Test class: shopizer.PageSteps.BusinessPageTest<br>Parameters: SORTFILTER, Name</td>
<td></td>
<td>0</td>
<td>shopizer.PageSteps.BusinessPageTest@10dc7d6</td></tr>
<tr>
<td title='shopizer.PageSteps.OrderReviewTest.TC_01_Verify_that_item_added_to_cart()'><b>TC_01_Verify_that_item_added_to_cart</b><br>Test class: shopizer.PageSteps.OrderReviewTest<br>Parameters: Node Web Development</td>
<td></td>
<td>23</td>
<td>shopizer.PageSteps.OrderReviewTest@5df778c3</td></tr>
<tr>
<td title='shopizer.PageSteps.OrderReviewTest.TC_02_VerifyThat_Item_is_removed_from_cart()'><b>TC_02_VerifyThat_Item_is_removed_from_cart</b><br>Test class: shopizer.PageSteps.OrderReviewTest<br>Parameters: Node Web Development</td>
<td></td>
<td>26</td>
<td>shopizer.PageSteps.OrderReviewTest@5df778c3</td></tr>
<tr>
<td title='shopizer.PageSteps.LoginSteps.loginTest()'><b>loginTest</b><br>Test class: shopizer.PageSteps.LoginSteps</td>
<td></td>
<td>11</td>
<td>shopizer.PageSteps.LoginSteps@80bfdc6</td></tr>
<tr>
<td title='shopizer.PageSteps.RegistrationTest.userRegistration()'><b>userRegistration</b><br>Test class: shopizer.PageSteps.RegistrationTest<br>Parameters: Gill, Sing, Male, United States, Iowa, gill16, amir@abc.com, gill16</td>
<td></td>
<td>8</td>
<td>shopizer.PageSteps.RegistrationTest@2f5ac102</td></tr>
</table><p>
</body>
</html>